  ApiReader.cpp
  DeviceNameResolver.cpp
  NativeWinApi.cpp
  pefile.cpp
E:\VisualStudio\Practice\MyProject\VMP-IAT-recover\VMP-Imports-Deobfuscator\Core\Pe\pefile.cpp(67,17): warning C4244: “初始化”: 从“const blackbone::module_t”转换到“uintptr_t”，可能丢失数据
E:\VisualStudio\Practice\MyProject\VMP-IAT-recover\VMP-Imports-Deobfuscator\Core\Pe\pefile.cpp(175,20): warning C4018: “<”: 有符号/无符号不匹配
E:\VisualStudio\Practice\MyProject\VMP-IAT-recover\VMP-Imports-Deobfuscator\Core\Pe\pefile.cpp(212,37): warning C4244: “+=”: 从“uint64_t”转换到“uint32_t”，可能丢失数据
E:\VisualStudio\Practice\MyProject\VMP-IAT-recover\VMP-Imports-Deobfuscator\Core\Pe\pefile.cpp(235,20): warning C4018: “<”: 有符号/无符号不匹配
E:\VisualStudio\Practice\MyProject\VMP-IAT-recover\VMP-Imports-Deobfuscator\Core\Pe\pefile.cpp(247,20): warning C4018: “<”: 有符号/无符号不匹配
E:\VisualStudio\Practice\MyProject\VMP-IAT-recover\VMP-Imports-Deobfuscator\Core\Pe\pefile.cpp(267,20): warning C4018: “<”: 有符号/无符号不匹配
E:\VisualStudio\Practice\MyProject\VMP-IAT-recover\VMP-Imports-Deobfuscator\Core\Pe\pefile.cpp(363,34): warning C4244: “=”: 从“uint64_t”转换到“DWORD”，可能丢失数据
E:\VisualStudio\Practice\MyProject\VMP-IAT-recover\VMP-Imports-Deobfuscator\Core\Pe\pefile.cpp(413,18): warning C4244: “初始化”: 从“uint64_t”转换到“uint32_t”，可能丢失数据
  PeParser.cpp
E:\VisualStudio\Practice\MyProject\VMP-IAT-recover\VMP-Imports-Deobfuscator\Core\Pe\PeParser.cpp(895,37): warning C4244: “return”: 从“ULONGLONG”转换到“DWORD_PTR”，可能丢失数据
  ProcessAccessHelp.cpp
E:\VisualStudio\Practice\MyProject\VMP-IAT-recover\VMP-Imports-Deobfuscator\Core\Process\ProcessAccessHelp.cpp(6,10): warning C4067: 预处理器指令后有意外标记 - 应输入换行符
  StringConversion.cpp
  Emulator.cpp
  VMPCore.cpp
  ZYCORE_STATIC_DEFINE was renamed to ZYCORE_STATIC_BUILD.
  ZYDIS_STATIC_DEFINE was renamed to ZYDIS_STATIC_BUILD.
E:\VisualStudio\Practice\MyProject\VMP-IAT-recover\VMP-Imports-Deobfuscator\VMPCore.cpp(152,21): warning C4018: “<”: 有符号/无符号不匹配
E:\VisualStudio\Practice\MyProject\VMP-IAT-recover\VMP-Imports-Deobfuscator\VMPCore.cpp(493,45): warning C4244: “=”: 从“const blackbone::module_t”转换到“uintptr_t”，可能丢失数据
E:\VisualStudio\Practice\MyProject\VMP-IAT-recover\VMP-Imports-Deobfuscator\VMPCore.cpp(550,21): warning C4244: “参数”: 从“const blackbone::module_t”转换到“uintptr_t”，可能丢失数据
E:\VisualStudio\Practice\MyProject\VMP-IAT-recover\VMP-Imports-Deobfuscator\VMPCore.cpp(638,57): warning C4244: “参数”: 从“uint64_t”转换到“uint32_t”，可能丢失数据
  Wrapper.cpp
  ZYCORE_STATIC_DEFINE was renamed to ZYCORE_STATIC_BUILD.
  ZYDIS_STATIC_DEFINE was renamed to ZYDIS_STATIC_BUILD.
E:\VisualStudio\Practice\MyProject\VMP-IAT-recover\VMP-Imports-Deobfuscator\Core\ZydisWrapper\Wrapper.cpp(16,9): warning C4244: “return”: 从“ZyanU64”转换到“uintptr_t”，可能丢失数据
  正在生成代码...
    正在创建库 E:\VisualStudio\Practice\MyProject\VMP-IAT-recover\Debug\VMP-Imports-Deobfuscator.lib 和对象 E:\VisualStudio\Practice\MyProject\VMP-IAT-recover\Debug\VMP-Imports-Deobfuscator.exp
LINK : warning LNK4098: 默认库“LIBCMTD”与其他库的使用冲突；请使用 /NODEFAULTLIB:library
BlackBone.lib(assembler.obj) : warning LNK4099: 未找到 PDB“BlackBone.pdb”(使用“BlackBone.lib(assembler.obj)”或在“E:\VisualStudio\Practice\MyProject\VMP-IAT-recover\Debug\BlackBone.pdb”中寻找)；正在链接对象，如同没有调试信息一样
BlackBone.lib(codegen.obj) : warning LNK4099: 未找到 PDB“BlackBone.pdb”(使用“BlackBone.lib(codegen.obj)”或在“E:\VisualStudio\Practice\MyProject\VMP-IAT-recover\Debug\BlackBone.pdb”中寻找)；正在链接对象，如同没有调试信息一样
BlackBone.lib(containers.obj) : warning LNK4099: 未找到 PDB“BlackBone.pdb”(使用“BlackBone.lib(containers.obj)”或在“E:\VisualStudio\Practice\MyProject\VMP-IAT-recover\Debug\BlackBone.pdb”中寻找)；正在链接对象，如同没有调试信息一样
BlackBone.lib(cpuinfo.obj) : warning LNK4099: 未找到 PDB“BlackBone.pdb”(使用“BlackBone.lib(cpuinfo.obj)”或在“E:\VisualStudio\Practice\MyProject\VMP-IAT-recover\Debug\BlackBone.pdb”中寻找)；正在链接对象，如同没有调试信息一样
BlackBone.lib(globals.obj) : warning LNK4099: 未找到 PDB“BlackBone.pdb”(使用“BlackBone.lib(globals.obj)”或在“E:\VisualStudio\Practice\MyProject\VMP-IAT-recover\Debug\BlackBone.pdb”中寻找)；正在链接对象，如同没有调试信息一样
BlackBone.lib(operand.obj) : warning LNK4099: 未找到 PDB“BlackBone.pdb”(使用“BlackBone.lib(operand.obj)”或在“E:\VisualStudio\Practice\MyProject\VMP-IAT-recover\Debug\BlackBone.pdb”中寻找)；正在链接对象，如同没有调试信息一样
BlackBone.lib(runtime.obj) : warning LNK4099: 未找到 PDB“BlackBone.pdb”(使用“BlackBone.lib(runtime.obj)”或在“E:\VisualStudio\Practice\MyProject\VMP-IAT-recover\Debug\BlackBone.pdb”中寻找)；正在链接对象，如同没有调试信息一样
BlackBone.lib(vmem.obj) : warning LNK4099: 未找到 PDB“BlackBone.pdb”(使用“BlackBone.lib(vmem.obj)”或在“E:\VisualStudio\Practice\MyProject\VMP-IAT-recover\Debug\BlackBone.pdb”中寻找)；正在链接对象，如同没有调试信息一样
BlackBone.lib(zone.obj) : warning LNK4099: 未找到 PDB“BlackBone.pdb”(使用“BlackBone.lib(zone.obj)”或在“E:\VisualStudio\Practice\MyProject\VMP-IAT-recover\Debug\BlackBone.pdb”中寻找)；正在链接对象，如同没有调试信息一样
BlackBone.lib(x86assembler.obj) : warning LNK4099: 未找到 PDB“BlackBone.pdb”(使用“BlackBone.lib(x86assembler.obj)”或在“E:\VisualStudio\Practice\MyProject\VMP-IAT-recover\Debug\BlackBone.pdb”中寻找)；正在链接对象，如同没有调试信息一样
BlackBone.lib(x86cpuinfo.obj) : warning LNK4099: 未找到 PDB“BlackBone.pdb”(使用“BlackBone.lib(x86cpuinfo.obj)”或在“E:\VisualStudio\Practice\MyProject\VMP-IAT-recover\Debug\BlackBone.pdb”中寻找)；正在链接对象，如同没有调试信息一样
BlackBone.lib(x86inst.obj) : warning LNK4099: 未找到 PDB“BlackBone.pdb”(使用“BlackBone.lib(x86inst.obj)”或在“E:\VisualStudio\Practice\MyProject\VMP-IAT-recover\Debug\BlackBone.pdb”中寻找)；正在链接对象，如同没有调试信息一样
BlackBone.lib(x86operand.obj) : warning LNK4099: 未找到 PDB“BlackBone.pdb”(使用“BlackBone.lib(x86operand.obj)”或在“E:\VisualStudio\Practice\MyProject\VMP-IAT-recover\Debug\BlackBone.pdb”中寻找)；正在链接对象，如同没有调试信息一样
BlackBone.lib(x86operand_regs.obj) : warning LNK4099: 未找到 PDB“BlackBone.pdb”(使用“BlackBone.lib(x86operand_regs.obj)”或在“E:\VisualStudio\Practice\MyProject\VMP-IAT-recover\Debug\BlackBone.pdb”中寻找)；正在链接对象，如同没有调试信息一样
BlackBone.lib(wow64ext.obj) : warning LNK4099: 未找到 PDB“BlackBone.pdb”(使用“BlackBone.lib(wow64ext.obj)”或在“E:\VisualStudio\Practice\MyProject\VMP-IAT-recover\Debug\BlackBone.pdb”中寻找)；正在链接对象，如同没有调试信息一样
BlackBone.lib(AsmHelper32.obj) : warning LNK4099: 未找到 PDB“BlackBone.pdb”(使用“BlackBone.lib(AsmHelper32.obj)”或在“E:\VisualStudio\Practice\MyProject\VMP-IAT-recover\Debug\BlackBone.pdb”中寻找)；正在链接对象，如同没有调试信息一样
BlackBone.lib(AsmHelper64.obj) : warning LNK4099: 未找到 PDB“BlackBone.pdb”(使用“BlackBone.lib(AsmHelper64.obj)”或在“E:\VisualStudio\Practice\MyProject\VMP-IAT-recover\Debug\BlackBone.pdb”中寻找)；正在链接对象，如同没有调试信息一样
BlackBone.lib(LDasm.obj) : warning LNK4099: 未找到 PDB“BlackBone.pdb”(使用“BlackBone.lib(LDasm.obj)”或在“E:\VisualStudio\Practice\MyProject\VMP-IAT-recover\Debug\BlackBone.pdb”中寻找)；正在链接对象，如同没有调试信息一样
BlackBone.lib(DriverControl.obj) : warning LNK4099: 未找到 PDB“BlackBone.pdb”(使用“BlackBone.lib(DriverControl.obj)”或在“E:\VisualStudio\Practice\MyProject\VMP-IAT-recover\Debug\BlackBone.pdb”中寻找)；正在链接对象，如同没有调试信息一样
BlackBone.lib(MExcept.obj) : warning LNK4099: 未找到 PDB“BlackBone.pdb”(使用“BlackBone.lib(MExcept.obj)”或在“E:\VisualStudio\Practice\MyProject\VMP-IAT-recover\Debug\BlackBone.pdb”中寻找)；正在链接对象，如同没有调试信息一样
BlackBone.lib(MMap.obj) : warning LNK4099: 未找到 PDB“BlackBone.pdb”(使用“BlackBone.lib(MMap.obj)”或在“E:\VisualStudio\Practice\MyProject\VMP-IAT-recover\Debug\BlackBone.pdb”中寻找)；正在链接对象，如同没有调试信息一样
BlackBone.lib(NtLoader.obj) : warning LNK4099: 未找到 PDB“BlackBone.pdb”(使用“BlackBone.lib(NtLoader.obj)”或在“E:\VisualStudio\Practice\MyProject\VMP-IAT-recover\Debug\BlackBone.pdb”中寻找)；正在链接对象，如同没有调试信息一样
BlackBone.lib(InitOnce.obj) : warning LNK4099: 未找到 PDB“BlackBone.pdb”(使用“BlackBone.lib(InitOnce.obj)”或在“E:\VisualStudio\Practice\MyProject\VMP-IAT-recover\Debug\BlackBone.pdb”中寻找)；正在链接对象，如同没有调试信息一样
BlackBone.lib(NameResolve.obj) : warning LNK4099: 未找到 PDB“BlackBone.pdb”(使用“BlackBone.lib(NameResolve.obj)”或在“E:\VisualStudio\Practice\MyProject\VMP-IAT-recover\Debug\BlackBone.pdb”中寻找)；正在链接对象，如同没有调试信息一样
BlackBone.lib(Utils.obj) : warning LNK4099: 未找到 PDB“BlackBone.pdb”(使用“BlackBone.lib(Utils.obj)”或在“E:\VisualStudio\Practice\MyProject\VMP-IAT-recover\Debug\BlackBone.pdb”中寻找)；正在链接对象，如同没有调试信息一样
BlackBone.lib(PatternSearch.obj) : warning LNK4099: 未找到 PDB“BlackBone.pdb”(使用“BlackBone.lib(PatternSearch.obj)”或在“E:\VisualStudio\Practice\MyProject\VMP-IAT-recover\Debug\BlackBone.pdb”中寻找)；正在链接对象，如同没有调试信息一样
BlackBone.lib(ImageNET.obj) : warning LNK4099: 未找到 PDB“BlackBone.pdb”(使用“BlackBone.lib(ImageNET.obj)”或在“E:\VisualStudio\Practice\MyProject\VMP-IAT-recover\Debug\BlackBone.pdb”中寻找)；正在链接对象，如同没有调试信息一样
BlackBone.lib(PEImage.obj) : warning LNK4099: 未找到 PDB“BlackBone.pdb”(使用“BlackBone.lib(PEImage.obj)”或在“E:\VisualStudio\Practice\MyProject\VMP-IAT-recover\Debug\BlackBone.pdb”中寻找)；正在链接对象，如同没有调试信息一样
BlackBone.lib(MemBlock.obj) : warning LNK4099: 未找到 PDB“BlackBone.pdb”(使用“BlackBone.lib(MemBlock.obj)”或在“E:\VisualStudio\Practice\MyProject\VMP-IAT-recover\Debug\BlackBone.pdb”中寻找)；正在链接对象，如同没有调试信息一样
BlackBone.lib(Process.obj) : warning LNK4099: 未找到 PDB“BlackBone.pdb”(使用“BlackBone.lib(Process.obj)”或在“E:\VisualStudio\Practice\MyProject\VMP-IAT-recover\Debug\BlackBone.pdb”中寻找)；正在链接对象，如同没有调试信息一样
BlackBone.lib(ProcessCore.obj) : warning LNK4099: 未找到 PDB“BlackBone.pdb”(使用“BlackBone.lib(ProcessCore.obj)”或在“E:\VisualStudio\Practice\MyProject\VMP-IAT-recover\Debug\BlackBone.pdb”中寻找)；正在链接对象，如同没有调试信息一样
BlackBone.lib(ProcessMemory.obj) : warning LNK4099: 未找到 PDB“BlackBone.pdb”(使用“BlackBone.lib(ProcessMemory.obj)”或在“E:\VisualStudio\Practice\MyProject\VMP-IAT-recover\Debug\BlackBone.pdb”中寻找)；正在链接对象，如同没有调试信息一样
BlackBone.lib(ProcessModules.obj) : warning LNK4099: 未找到 PDB“BlackBone.pdb”(使用“BlackBone.lib(ProcessModules.obj)”或在“E:\VisualStudio\Practice\MyProject\VMP-IAT-recover\Debug\BlackBone.pdb”中寻找)；正在链接对象，如同没有调试信息一样
BlackBone.lib(RemoteExec.obj) : warning LNK4099: 未找到 PDB“BlackBone.pdb”(使用“BlackBone.lib(RemoteExec.obj)”或在“E:\VisualStudio\Practice\MyProject\VMP-IAT-recover\Debug\BlackBone.pdb”中寻找)；正在链接对象，如同没有调试信息一样
BlackBone.lib(RemoteHook.obj) : warning LNK4099: 未找到 PDB“BlackBone.pdb”(使用“BlackBone.lib(RemoteHook.obj)”或在“E:\VisualStudio\Practice\MyProject\VMP-IAT-recover\Debug\BlackBone.pdb”中寻找)；正在链接对象，如同没有调试信息一样
BlackBone.lib(RemoteLocalHook.obj) : warning LNK4099: 未找到 PDB“BlackBone.pdb”(使用“BlackBone.lib(RemoteLocalHook.obj)”或在“E:\VisualStudio\Practice\MyProject\VMP-IAT-recover\Debug\BlackBone.pdb”中寻找)；正在链接对象，如同没有调试信息一样
BlackBone.lib(RemoteMemory.obj) : warning LNK4099: 未找到 PDB“BlackBone.pdb”(使用“BlackBone.lib(RemoteMemory.obj)”或在“E:\VisualStudio\Practice\MyProject\VMP-IAT-recover\Debug\BlackBone.pdb”中寻找)；正在链接对象，如同没有调试信息一样
BlackBone.lib(Thread.obj) : warning LNK4099: 未找到 PDB“BlackBone.pdb”(使用“BlackBone.lib(Thread.obj)”或在“E:\VisualStudio\Practice\MyProject\VMP-IAT-recover\Debug\BlackBone.pdb”中寻找)；正在链接对象，如同没有调试信息一样
BlackBone.lib(Threads.obj) : warning LNK4099: 未找到 PDB“BlackBone.pdb”(使用“BlackBone.lib(Threads.obj)”或在“E:\VisualStudio\Practice\MyProject\VMP-IAT-recover\Debug\BlackBone.pdb”中寻找)；正在链接对象，如同没有调试信息一样
BlackBone.lib(NativeSubsystem.obj) : warning LNK4099: 未找到 PDB“BlackBone.pdb”(使用“BlackBone.lib(NativeSubsystem.obj)”或在“E:\VisualStudio\Practice\MyProject\VMP-IAT-recover\Debug\BlackBone.pdb”中寻找)；正在链接对象，如同没有调试信息一样
BlackBone.lib(Wow64Subsystem.obj) : warning LNK4099: 未找到 PDB“BlackBone.pdb”(使用“BlackBone.lib(Wow64Subsystem.obj)”或在“E:\VisualStudio\Practice\MyProject\VMP-IAT-recover\Debug\BlackBone.pdb”中寻找)；正在链接对象，如同没有调试信息一样
BlackBone.lib(x86Subsystem.obj) : warning LNK4099: 未找到 PDB“BlackBone.pdb”(使用“BlackBone.lib(x86Subsystem.obj)”或在“E:\VisualStudio\Practice\MyProject\VMP-IAT-recover\Debug\BlackBone.pdb”中寻找)；正在链接对象，如同没有调试信息一样
BlackBone.lib(PatternLoader.obj) : warning LNK4099: 未找到 PDB“BlackBone.pdb”(使用“BlackBone.lib(PatternLoader.obj)”或在“E:\VisualStudio\Practice\MyProject\VMP-IAT-recover\Debug\BlackBone.pdb”中寻找)；正在链接对象，如同没有调试信息一样
BlackBone.lib(PDBHelper.obj) : warning LNK4099: 未找到 PDB“BlackBone.pdb”(使用“BlackBone.lib(PDBHelper.obj)”或在“E:\VisualStudio\Practice\MyProject\VMP-IAT-recover\Debug\BlackBone.pdb”中寻找)；正在链接对象，如同没有调试信息一样
BlackBone.lib(SymbolData.obj) : warning LNK4099: 未找到 PDB“BlackBone.pdb”(使用“BlackBone.lib(SymbolData.obj)”或在“E:\VisualStudio\Practice\MyProject\VMP-IAT-recover\Debug\BlackBone.pdb”中寻找)；正在链接对象，如同没有调试信息一样
BlackBone.lib(SymbolLoader.obj) : warning LNK4099: 未找到 PDB“BlackBone.pdb”(使用“BlackBone.lib(SymbolLoader.obj)”或在“E:\VisualStudio\Practice\MyProject\VMP-IAT-recover\Debug\BlackBone.pdb”中寻找)；正在链接对象，如同没有调试信息一样
Zydis.lib(Mnemonic.obj) : warning LNK4099: 未找到 PDB“Zydis.pdb”(使用“Zydis.lib(Mnemonic.obj)”或在“E:\VisualStudio\Practice\MyProject\VMP-IAT-recover\Debug\Zydis.pdb”中寻找)；正在链接对象，如同没有调试信息一样
Zydis.lib(Register.obj) : warning LNK4099: 未找到 PDB“Zydis.pdb”(使用“Zydis.lib(Register.obj)”或在“E:\VisualStudio\Practice\MyProject\VMP-IAT-recover\Debug\Zydis.pdb”中寻找)；正在链接对象，如同没有调试信息一样
Zydis.lib(SharedData.obj) : warning LNK4099: 未找到 PDB“Zydis.pdb”(使用“Zydis.lib(SharedData.obj)”或在“E:\VisualStudio\Practice\MyProject\VMP-IAT-recover\Debug\Zydis.pdb”中寻找)；正在链接对象，如同没有调试信息一样
Zydis.lib(String.obj) : warning LNK4099: 未找到 PDB“Zydis.pdb”(使用“Zydis.lib(String.obj)”或在“E:\VisualStudio\Practice\MyProject\VMP-IAT-recover\Debug\Zydis.pdb”中寻找)；正在链接对象，如同没有调试信息一样
Zydis.lib(Utils.obj) : warning LNK4099: 未找到 PDB“Zydis.pdb”(使用“Zydis.lib(Utils.obj)”或在“E:\VisualStudio\Practice\MyProject\VMP-IAT-recover\Debug\Zydis.pdb”中寻找)；正在链接对象，如同没有调试信息一样
Zydis.lib(Decoder.obj) : warning LNK4099: 未找到 PDB“Zydis.pdb”(使用“Zydis.lib(Decoder.obj)”或在“E:\VisualStudio\Practice\MyProject\VMP-IAT-recover\Debug\Zydis.pdb”中寻找)；正在链接对象，如同没有调试信息一样
Zydis.lib(DecoderData.obj) : warning LNK4099: 未找到 PDB“Zydis.pdb”(使用“Zydis.lib(DecoderData.obj)”或在“E:\VisualStudio\Practice\MyProject\VMP-IAT-recover\Debug\Zydis.pdb”中寻找)；正在链接对象，如同没有调试信息一样
Zydis.lib(Encoder.obj) : warning LNK4099: 未找到 PDB“Zydis.pdb”(使用“Zydis.lib(Encoder.obj)”或在“E:\VisualStudio\Practice\MyProject\VMP-IAT-recover\Debug\Zydis.pdb”中寻找)；正在链接对象，如同没有调试信息一样
Zydis.lib(EncoderData.obj) : warning LNK4099: 未找到 PDB“Zydis.pdb”(使用“Zydis.lib(EncoderData.obj)”或在“E:\VisualStudio\Practice\MyProject\VMP-IAT-recover\Debug\Zydis.pdb”中寻找)；正在链接对象，如同没有调试信息一样
Zydis.lib(Formatter.obj) : warning LNK4099: 未找到 PDB“Zydis.pdb”(使用“Zydis.lib(Formatter.obj)”或在“E:\VisualStudio\Practice\MyProject\VMP-IAT-recover\Debug\Zydis.pdb”中寻找)；正在链接对象，如同没有调试信息一样
Zydis.lib(FormatterBuffer.obj) : warning LNK4099: 未找到 PDB“Zydis.pdb”(使用“Zydis.lib(FormatterBuffer.obj)”或在“E:\VisualStudio\Practice\MyProject\VMP-IAT-recover\Debug\Zydis.pdb”中寻找)；正在链接对象，如同没有调试信息一样
Zydis.lib(FormatterATT.obj) : warning LNK4099: 未找到 PDB“Zydis.pdb”(使用“Zydis.lib(FormatterATT.obj)”或在“E:\VisualStudio\Practice\MyProject\VMP-IAT-recover\Debug\Zydis.pdb”中寻找)；正在链接对象，如同没有调试信息一样
Zydis.lib(FormatterBase.obj) : warning LNK4099: 未找到 PDB“Zydis.pdb”(使用“Zydis.lib(FormatterBase.obj)”或在“E:\VisualStudio\Practice\MyProject\VMP-IAT-recover\Debug\Zydis.pdb”中寻找)；正在链接对象，如同没有调试信息一样
Zydis.lib(FormatterIntel.obj) : warning LNK4099: 未找到 PDB“Zydis.pdb”(使用“Zydis.lib(FormatterIntel.obj)”或在“E:\VisualStudio\Practice\MyProject\VMP-IAT-recover\Debug\Zydis.pdb”中寻找)；正在链接对象，如同没有调试信息一样
unicorn_static.lib(list.obj) : warning LNK4099: 未找到 PDB“unicorn_static.pdb”(使用“unicorn_static.lib(list.obj)”或在“E:\VisualStudio\Practice\MyProject\VMP-IAT-recover\Debug\unicorn_static.pdb”中寻找)；正在链接对象，如同没有调试信息一样
unicorn_static.lib(accel.obj) : warning LNK4099: 未找到 PDB“unicorn_static.pdb”(使用“unicorn_static.lib(accel.obj)”或在“E:\VisualStudio\Practice\MyProject\VMP-IAT-recover\Debug\unicorn_static.pdb”中寻找)；正在链接对象，如同没有调试信息一样
unicorn_static.lib(glib_compat.obj) : warning LNK4099: 未找到 PDB“unicorn_static.pdb”(使用“unicorn_static.lib(glib_compat.obj)”或在“E:\VisualStudio\Practice\MyProject\VMP-IAT-recover\Debug\unicorn_static.pdb”中寻找)；正在链接对象，如同没有调试信息一样
unicorn_static.lib(machine.obj) : warning LNK4099: 未找到 PDB“unicorn_static.pdb”(使用“unicorn_static.lib(machine.obj)”或在“E:\VisualStudio\Practice\MyProject\VMP-IAT-recover\Debug\unicorn_static.pdb”中寻找)；正在链接对象，如同没有调试信息一样
unicorn_static.lib(qdev.obj) : warning LNK4099: 未找到 PDB“unicorn_static.pdb”(使用“unicorn_static.lib(qdev.obj)”或在“E:\VisualStudio\Practice\MyProject\VMP-IAT-recover\Debug\unicorn_static.pdb”中寻找)；正在链接对象，如同没有调试信息一样
unicorn_static.lib(qapi-dealloc-visitor.obj) : warning LNK4099: 未找到 PDB“unicorn_static.pdb”(使用“unicorn_static.lib(qapi-dealloc-visitor.obj)”或在“E:\VisualStudio\Practice\MyProject\VMP-IAT-recover\Debug\unicorn_static.pdb”中寻找)；正在链接对象，如同没有调试信息一样
unicorn_static.lib(qapi-visit-core.obj) : warning LNK4099: 未找到 PDB“unicorn_static.pdb”(使用“unicorn_static.lib(qapi-visit-core.obj)”或在“E:\VisualStudio\Practice\MyProject\VMP-IAT-recover\Debug\unicorn_static.pdb”中寻找)；正在链接对象，如同没有调试信息一样
unicorn_static.lib(qmp-input-visitor.obj) : warning LNK4099: 未找到 PDB“unicorn_static.pdb”(使用“unicorn_static.lib(qmp-input-visitor.obj)”或在“E:\VisualStudio\Practice\MyProject\VMP-IAT-recover\Debug\unicorn_static.pdb”中寻找)；正在链接对象，如同没有调试信息一样
unicorn_static.lib(qmp-output-visitor.obj) : warning LNK4099: 未找到 PDB“unicorn_static.pdb”(使用“unicorn_static.lib(qmp-output-visitor.obj)”或在“E:\VisualStudio\Practice\MyProject\VMP-IAT-recover\Debug\unicorn_static.pdb”中寻找)；正在链接对象，如同没有调试信息一样
unicorn_static.lib(string-input-visitor.obj) : warning LNK4099: 未找到 PDB“unicorn_static.pdb”(使用“unicorn_static.lib(string-input-visitor.obj)”或在“E:\VisualStudio\Practice\MyProject\VMP-IAT-recover\Debug\unicorn_static.pdb”中寻找)；正在链接对象，如同没有调试信息一样
unicorn_static.lib(qemu-log.obj) : warning LNK4099: 未找到 PDB“unicorn_static.pdb”(使用“unicorn_static.lib(qemu-log.obj)”或在“E:\VisualStudio\Practice\MyProject\VMP-IAT-recover\Debug\unicorn_static.pdb”中寻找)；正在链接对象，如同没有调试信息一样
unicorn_static.lib(qemu-timer.obj) : warning LNK4099: 未找到 PDB“unicorn_static.pdb”(使用“unicorn_static.lib(qemu-timer.obj)”或在“E:\VisualStudio\Practice\MyProject\VMP-IAT-recover\Debug\unicorn_static.pdb”中寻找)；正在链接对象，如同没有调试信息一样
unicorn_static.lib(qbool.obj) : warning LNK4099: 未找到 PDB“unicorn_static.pdb”(使用“unicorn_static.lib(qbool.obj)”或在“E:\VisualStudio\Practice\MyProject\VMP-IAT-recover\Debug\unicorn_static.pdb”中寻找)；正在链接对象，如同没有调试信息一样
unicorn_static.lib(qdict.obj) : warning LNK4099: 未找到 PDB“unicorn_static.pdb”(使用“unicorn_static.lib(qdict.obj)”或在“E:\VisualStudio\Practice\MyProject\VMP-IAT-recover\Debug\unicorn_static.pdb”中寻找)；正在链接对象，如同没有调试信息一样
unicorn_static.lib(qfloat.obj) : warning LNK4099: 未找到 PDB“unicorn_static.pdb”(使用“unicorn_static.lib(qfloat.obj)”或在“E:\VisualStudio\Practice\MyProject\VMP-IAT-recover\Debug\unicorn_static.pdb”中寻找)；正在链接对象，如同没有调试信息一样
unicorn_static.lib(qint.obj) : warning LNK4099: 未找到 PDB“unicorn_static.pdb”(使用“unicorn_static.lib(qint.obj)”或在“E:\VisualStudio\Practice\MyProject\VMP-IAT-recover\Debug\unicorn_static.pdb”中寻找)；正在链接对象，如同没有调试信息一样
unicorn_static.lib(qlist.obj) : warning LNK4099: 未找到 PDB“unicorn_static.pdb”(使用“unicorn_static.lib(qlist.obj)”或在“E:\VisualStudio\Practice\MyProject\VMP-IAT-recover\Debug\unicorn_static.pdb”中寻找)；正在链接对象，如同没有调试信息一样
unicorn_static.lib(qstring.obj) : warning LNK4099: 未找到 PDB“unicorn_static.pdb”(使用“unicorn_static.lib(qstring.obj)”或在“E:\VisualStudio\Practice\MyProject\VMP-IAT-recover\Debug\unicorn_static.pdb”中寻找)；正在链接对象，如同没有调试信息一样
unicorn_static.lib(container.obj) : warning LNK4099: 未找到 PDB“unicorn_static.pdb”(使用“unicorn_static.lib(container.obj)”或在“E:\VisualStudio\Practice\MyProject\VMP-IAT-recover\Debug\unicorn_static.pdb”中寻找)；正在链接对象，如同没有调试信息一样
unicorn_static.lib(cpu.obj) : warning LNK4099: 未找到 PDB“unicorn_static.pdb”(使用“unicorn_static.lib(cpu.obj)”或在“E:\VisualStudio\Practice\MyProject\VMP-IAT-recover\Debug\unicorn_static.pdb”中寻找)；正在链接对象，如同没有调试信息一样
unicorn_static.lib(object.obj) : warning LNK4099: 未找到 PDB“unicorn_static.pdb”(使用“unicorn_static.lib(object.obj)”或在“E:\VisualStudio\Practice\MyProject\VMP-IAT-recover\Debug\unicorn_static.pdb”中寻找)；正在链接对象，如同没有调试信息一样
unicorn_static.lib(qom-qobject.obj) : warning LNK4099: 未找到 PDB“unicorn_static.pdb”(使用“unicorn_static.lib(qom-qobject.obj)”或在“E:\VisualStudio\Practice\MyProject\VMP-IAT-recover\Debug\unicorn_static.pdb”中寻找)；正在链接对象，如同没有调试信息一样
unicorn_static.lib(tcg-runtime.obj) : warning LNK4099: 未找到 PDB“unicorn_static.pdb”(使用“unicorn_static.lib(tcg-runtime.obj)”或在“E:\VisualStudio\Practice\MyProject\VMP-IAT-recover\Debug\unicorn_static.pdb”中寻找)；正在链接对象，如同没有调试信息一样
unicorn_static.lib(aes.obj) : warning LNK4099: 未找到 PDB“unicorn_static.pdb”(使用“unicorn_static.lib(aes.obj)”或在“E:\VisualStudio\Practice\MyProject\VMP-IAT-recover\Debug\unicorn_static.pdb”中寻找)；正在链接对象，如同没有调试信息一样
unicorn_static.lib(bitmap.obj) : warning LNK4099: 未找到 PDB“unicorn_static.pdb”(使用“unicorn_static.lib(bitmap.obj)”或在“E:\VisualStudio\Practice\MyProject\VMP-IAT-recover\Debug\unicorn_static.pdb”中寻找)；正在链接对象，如同没有调试信息一样
unicorn_static.lib(bitops.obj) : warning LNK4099: 未找到 PDB“unicorn_static.pdb”(使用“unicorn_static.lib(bitops.obj)”或在“E:\VisualStudio\Practice\MyProject\VMP-IAT-recover\Debug\unicorn_static.pdb”中寻找)；正在链接对象，如同没有调试信息一样
unicorn_static.lib(crc32c.obj) : warning LNK4099: 未找到 PDB“unicorn_static.pdb”(使用“unicorn_static.lib(crc32c.obj)”或在“E:\VisualStudio\Practice\MyProject\VMP-IAT-recover\Debug\unicorn_static.pdb”中寻找)；正在链接对象，如同没有调试信息一样
unicorn_static.lib(cutils.obj) : warning LNK4099: 未找到 PDB“unicorn_static.pdb”(使用“unicorn_static.lib(cutils.obj)”或在“E:\VisualStudio\Practice\MyProject\VMP-IAT-recover\Debug\unicorn_static.pdb”中寻找)；正在链接对象，如同没有调试信息一样
unicorn_static.lib(error.obj) : warning LNK4099: 未找到 PDB“unicorn_static.pdb”(使用“unicorn_static.lib(error.obj)”或在“E:\VisualStudio\Practice\MyProject\VMP-IAT-recover\Debug\unicorn_static.pdb”中寻找)；正在链接对象，如同没有调试信息一样
unicorn_static.lib(host-utils.obj) : warning LNK4099: 未找到 PDB“unicorn_static.pdb”(使用“unicorn_static.lib(host-utils.obj)”或在“E:\VisualStudio\Practice\MyProject\VMP-IAT-recover\Debug\unicorn_static.pdb”中寻找)；正在链接对象，如同没有调试信息一样
unicorn_static.lib(module.obj) : warning LNK4099: 未找到 PDB“unicorn_static.pdb”(使用“unicorn_static.lib(module.obj)”或在“E:\VisualStudio\Practice\MyProject\VMP-IAT-recover\Debug\unicorn_static.pdb”中寻找)；正在链接对象，如同没有调试信息一样
unicorn_static.lib(oslib-win32.obj) : warning LNK4099: 未找到 PDB“unicorn_static.pdb”(使用“unicorn_static.lib(oslib-win32.obj)”或在“E:\VisualStudio\Practice\MyProject\VMP-IAT-recover\Debug\unicorn_static.pdb”中寻找)；正在链接对象，如同没有调试信息一样
unicorn_static.lib(qemu-thread-win32.obj) : warning LNK4099: 未找到 PDB“unicorn_static.pdb”(使用“unicorn_static.lib(qemu-thread-win32.obj)”或在“E:\VisualStudio\Practice\MyProject\VMP-IAT-recover\Debug\unicorn_static.pdb”中寻找)；正在链接对象，如同没有调试信息一样
unicorn_static.lib(qemu-timer-common.obj) : warning LNK4099: 未找到 PDB“unicorn_static.pdb”(使用“unicorn_static.lib(qemu-timer-common.obj)”或在“E:\VisualStudio\Practice\MyProject\VMP-IAT-recover\Debug\unicorn_static.pdb”中寻找)；正在链接对象，如同没有调试信息一样
unicorn_static.lib(vl.obj) : warning LNK4099: 未找到 PDB“unicorn_static.pdb”(使用“unicorn_static.lib(vl.obj)”或在“E:\VisualStudio\Practice\MyProject\VMP-IAT-recover\Debug\unicorn_static.pdb”中寻找)；正在链接对象，如同没有调试信息一样
unicorn_static.lib(uc.obj) : warning LNK4099: 未找到 PDB“unicorn_static.pdb”(使用“unicorn_static.lib(uc.obj)”或在“E:\VisualStudio\Practice\MyProject\VMP-IAT-recover\Debug\unicorn_static.pdb”中寻找)；正在链接对象，如同没有调试信息一样
unicorn_static.lib(qapi-types.obj) : warning LNK4099: 未找到 PDB“unicorn_static.pdb”(使用“unicorn_static.lib(qapi-types.obj)”或在“E:\VisualStudio\Practice\MyProject\VMP-IAT-recover\Debug\unicorn_static.pdb”中寻找)；正在链接对象，如同没有调试信息一样
unicorn_static.lib(qapi-visit.obj) : warning LNK4099: 未找到 PDB“unicorn_static.pdb”(使用“unicorn_static.lib(qapi-visit.obj)”或在“E:\VisualStudio\Practice\MyProject\VMP-IAT-recover\Debug\unicorn_static.pdb”中寻找)；正在链接对象，如同没有调试信息一样
unicorn_static.lib(translate-all.obj) : warning LNK4099: 未找到 PDB“x86_64-softmmu.pdb”(使用“unicorn_static.lib(translate-all.obj)”或在“E:\VisualStudio\Practice\MyProject\VMP-IAT-recover\Debug\x86_64-softmmu.pdb”中寻找)；正在链接对象，如同没有调试信息一样
unicorn_static.lib(tcg.obj) : warning LNK4099: 未找到 PDB“x86_64-softmmu.pdb”(使用“unicorn_static.lib(tcg.obj)”或在“E:\VisualStudio\Practice\MyProject\VMP-IAT-recover\Debug\x86_64-softmmu.pdb”中寻找)；正在链接对象，如同没有调试信息一样
unicorn_static.lib(optimize.obj) : warning LNK4099: 未找到 PDB“x86_64-softmmu.pdb”(使用“unicorn_static.lib(optimize.obj)”或在“E:\VisualStudio\Practice\MyProject\VMP-IAT-recover\Debug\x86_64-softmmu.pdb”中寻找)；正在链接对象，如同没有调试信息一样
unicorn_static.lib(unicorn.obj) : warning LNK4099: 未找到 PDB“x86_64-softmmu.pdb”(使用“unicorn_static.lib(unicorn.obj)”或在“E:\VisualStudio\Practice\MyProject\VMP-IAT-recover\Debug\x86_64-softmmu.pdb”中寻找)；正在链接对象，如同没有调试信息一样
unicorn_static.lib(translate.obj) : warning LNK4099: 未找到 PDB“x86_64-softmmu.pdb”(使用“unicorn_static.lib(translate.obj)”或在“E:\VisualStudio\Practice\MyProject\VMP-IAT-recover\Debug\x86_64-softmmu.pdb”中寻找)；正在链接对象，如同没有调试信息一样
unicorn_static.lib(svm_helper.obj) : warning LNK4099: 未找到 PDB“x86_64-softmmu.pdb”(使用“unicorn_static.lib(svm_helper.obj)”或在“E:\VisualStudio\Practice\MyProject\VMP-IAT-recover\Debug\x86_64-softmmu.pdb”中寻找)；正在链接对象，如同没有调试信息一样
unicorn_static.lib(smm_helper.obj) : warning LNK4099: 未找到 PDB“x86_64-softmmu.pdb”(使用“unicorn_static.lib(smm_helper.obj)”或在“E:\VisualStudio\Practice\MyProject\VMP-IAT-recover\Debug\x86_64-softmmu.pdb”中寻找)；正在链接对象，如同没有调试信息一样
unicorn_static.lib(seg_helper.obj) : warning LNK4099: 未找到 PDB“x86_64-softmmu.pdb”(使用“unicorn_static.lib(seg_helper.obj)”或在“E:\VisualStudio\Practice\MyProject\VMP-IAT-recover\Debug\x86_64-softmmu.pdb”中寻找)；正在链接对象，如同没有调试信息一样
unicorn_static.lib(misc_helper.obj) : warning LNK4099: 未找到 PDB“x86_64-softmmu.pdb”(使用“unicorn_static.lib(misc_helper.obj)”或在“E:\VisualStudio\Practice\MyProject\VMP-IAT-recover\Debug\x86_64-softmmu.pdb”中寻找)；正在链接对象，如同没有调试信息一样
unicorn_static.lib(mem_helper.obj) : warning LNK4099: 未找到 PDB“x86_64-softmmu.pdb”(使用“unicorn_static.lib(mem_helper.obj)”或在“E:\VisualStudio\Practice\MyProject\VMP-IAT-recover\Debug\x86_64-softmmu.pdb”中寻找)；正在链接对象，如同没有调试信息一样
unicorn_static.lib(int_helper.obj) : warning LNK4099: 未找到 PDB“x86_64-softmmu.pdb”(使用“unicorn_static.lib(int_helper.obj)”或在“E:\VisualStudio\Practice\MyProject\VMP-IAT-recover\Debug\x86_64-softmmu.pdb”中寻找)；正在链接对象，如同没有调试信息一样
unicorn_static.lib(helper.obj) : warning LNK4099: 未找到 PDB“x86_64-softmmu.pdb”(使用“unicorn_static.lib(helper.obj)”或在“E:\VisualStudio\Practice\MyProject\VMP-IAT-recover\Debug\x86_64-softmmu.pdb”中寻找)；正在链接对象，如同没有调试信息一样
unicorn_static.lib(fpu_helper.obj) : warning LNK4099: 未找到 PDB“x86_64-softmmu.pdb”(使用“unicorn_static.lib(fpu_helper.obj)”或在“E:\VisualStudio\Practice\MyProject\VMP-IAT-recover\Debug\x86_64-softmmu.pdb”中寻找)；正在链接对象，如同没有调试信息一样
unicorn_static.lib(excp_helper.obj) : warning LNK4099: 未找到 PDB“x86_64-softmmu.pdb”(使用“unicorn_static.lib(excp_helper.obj)”或在“E:\VisualStudio\Practice\MyProject\VMP-IAT-recover\Debug\x86_64-softmmu.pdb”中寻找)；正在链接对象，如同没有调试信息一样
unicorn_static.lib(cpu.obj) : warning LNK4099: 未找到 PDB“x86_64-softmmu.pdb”(使用“unicorn_static.lib(cpu.obj)”或在“E:\VisualStudio\Practice\MyProject\VMP-IAT-recover\Debug\x86_64-softmmu.pdb”中寻找)；正在链接对象，如同没有调试信息一样
unicorn_static.lib(cc_helper.obj) : warning LNK4099: 未找到 PDB“x86_64-softmmu.pdb”(使用“unicorn_static.lib(cc_helper.obj)”或在“E:\VisualStudio\Practice\MyProject\VMP-IAT-recover\Debug\x86_64-softmmu.pdb”中寻找)；正在链接对象，如同没有调试信息一样
unicorn_static.lib(arch_memory_mapping.obj) : warning LNK4099: 未找到 PDB“x86_64-softmmu.pdb”(使用“unicorn_static.lib(arch_memory_mapping.obj)”或在“E:\VisualStudio\Practice\MyProject\VMP-IAT-recover\Debug\x86_64-softmmu.pdb”中寻找)；正在链接对象，如同没有调试信息一样
unicorn_static.lib(memory_mapping.obj) : warning LNK4099: 未找到 PDB“x86_64-softmmu.pdb”(使用“unicorn_static.lib(memory_mapping.obj)”或在“E:\VisualStudio\Practice\MyProject\VMP-IAT-recover\Debug\x86_64-softmmu.pdb”中寻找)；正在链接对象，如同没有调试信息一样
unicorn_static.lib(memory.obj) : warning LNK4099: 未找到 PDB“x86_64-softmmu.pdb”(使用“unicorn_static.lib(memory.obj)”或在“E:\VisualStudio\Practice\MyProject\VMP-IAT-recover\Debug\x86_64-softmmu.pdb”中寻找)；正在链接对象，如同没有调试信息一样
unicorn_static.lib(ioport.obj) : warning LNK4099: 未找到 PDB“x86_64-softmmu.pdb”(使用“unicorn_static.lib(ioport.obj)”或在“E:\VisualStudio\Practice\MyProject\VMP-IAT-recover\Debug\x86_64-softmmu.pdb”中寻找)；正在链接对象，如同没有调试信息一样
unicorn_static.lib(apic_common.obj) : warning LNK4099: 未找到 PDB“x86_64-softmmu.pdb”(使用“unicorn_static.lib(apic_common.obj)”或在“E:\VisualStudio\Practice\MyProject\VMP-IAT-recover\Debug\x86_64-softmmu.pdb”中寻找)；正在链接对象，如同没有调试信息一样
unicorn_static.lib(apic.obj) : warning LNK4099: 未找到 PDB“x86_64-softmmu.pdb”(使用“unicorn_static.lib(apic.obj)”或在“E:\VisualStudio\Practice\MyProject\VMP-IAT-recover\Debug\x86_64-softmmu.pdb”中寻找)；正在链接对象，如同没有调试信息一样
unicorn_static.lib(pc_piix.obj) : warning LNK4099: 未找到 PDB“x86_64-softmmu.pdb”(使用“unicorn_static.lib(pc_piix.obj)”或在“E:\VisualStudio\Practice\MyProject\VMP-IAT-recover\Debug\x86_64-softmmu.pdb”中寻找)；正在链接对象，如同没有调试信息一样
unicorn_static.lib(pc.obj) : warning LNK4099: 未找到 PDB“x86_64-softmmu.pdb”(使用“unicorn_static.lib(pc.obj)”或在“E:\VisualStudio\Practice\MyProject\VMP-IAT-recover\Debug\x86_64-softmmu.pdb”中寻找)；正在链接对象，如同没有调试信息一样
unicorn_static.lib(softfloat.obj) : warning LNK4099: 未找到 PDB“x86_64-softmmu.pdb”(使用“unicorn_static.lib(softfloat.obj)”或在“E:\VisualStudio\Practice\MyProject\VMP-IAT-recover\Debug\x86_64-softmmu.pdb”中寻找)；正在链接对象，如同没有调试信息一样
unicorn_static.lib(exec.obj) : warning LNK4099: 未找到 PDB“x86_64-softmmu.pdb”(使用“unicorn_static.lib(exec.obj)”或在“E:\VisualStudio\Practice\MyProject\VMP-IAT-recover\Debug\x86_64-softmmu.pdb”中寻找)；正在链接对象，如同没有调试信息一样
unicorn_static.lib(cputlb.obj) : warning LNK4099: 未找到 PDB“x86_64-softmmu.pdb”(使用“unicorn_static.lib(cputlb.obj)”或在“E:\VisualStudio\Practice\MyProject\VMP-IAT-recover\Debug\x86_64-softmmu.pdb”中寻找)；正在链接对象，如同没有调试信息一样
unicorn_static.lib(cpus.obj) : warning LNK4099: 未找到 PDB“x86_64-softmmu.pdb”(使用“unicorn_static.lib(cpus.obj)”或在“E:\VisualStudio\Practice\MyProject\VMP-IAT-recover\Debug\x86_64-softmmu.pdb”中寻找)；正在链接对象，如同没有调试信息一样
unicorn_static.lib(cpu-exec.obj) : warning LNK4099: 未找到 PDB“x86_64-softmmu.pdb”(使用“unicorn_static.lib(cpu-exec.obj)”或在“E:\VisualStudio\Practice\MyProject\VMP-IAT-recover\Debug\x86_64-softmmu.pdb”中寻找)；正在链接对象，如同没有调试信息一样
unicorn_static.lib(translate-all.obj) : warning LNK4099: 未找到 PDB“sparc64-softmmu.pdb”(使用“unicorn_static.lib(translate-all.obj)”或在“E:\VisualStudio\Practice\MyProject\VMP-IAT-recover\Debug\sparc64-softmmu.pdb”中寻找)；正在链接对象，如同没有调试信息一样
unicorn_static.lib(tcg.obj) : warning LNK4099: 未找到 PDB“sparc64-softmmu.pdb”(使用“unicorn_static.lib(tcg.obj)”或在“E:\VisualStudio\Practice\MyProject\VMP-IAT-recover\Debug\sparc64-softmmu.pdb”中寻找)；正在链接对象，如同没有调试信息一样
unicorn_static.lib(optimize.obj) : warning LNK4099: 未找到 PDB“”(使用“unicorn_static.lib(optimize.obj)”或在“”中寻找)；正在链接对象，如同没有调试信息一样
unicorn_static.lib(win_helper.obj) : warning LNK4099: 未找到 PDB“sparc64-softmmu.pdb”(使用“unicorn_static.lib(win_helper.obj)”或在“E:\VisualStudio\Practice\MyProject\VMP-IAT-recover\Debug\sparc64-softmmu.pdb”中寻找)；正在链接对象，如同没有调试信息一样
unicorn_static.lib(vis_helper.obj) : warning LNK4099: 未找到 PDB“sparc64-softmmu.pdb”(使用“unicorn_static.lib(vis_helper.obj)”或在“E:\VisualStudio\Practice\MyProject\VMP-IAT-recover\Debug\sparc64-softmmu.pdb”中寻找)；正在链接对象，如同没有调试信息一样
unicorn_static.lib(unicorn64.obj) : warning LNK4099: 未找到 PDB“sparc64-softmmu.pdb”(使用“unicorn_static.lib(unicorn64.obj)”或在“E:\VisualStudio\Practice\MyProject\VMP-IAT-recover\Debug\sparc64-softmmu.pdb”中寻找)；正在链接对象，如同没有调试信息一样
unicorn_static.lib(translate.obj) : warning LNK4099: 未找到 PDB“”(使用“unicorn_static.lib(translate.obj)”或在“”中寻找)；正在链接对象，如同没有调试信息一样
unicorn_static.lib(mmu_helper.obj) : warning LNK4099: 未找到 PDB“sparc64-softmmu.pdb”(使用“unicorn_static.lib(mmu_helper.obj)”或在“E:\VisualStudio\Practice\MyProject\VMP-IAT-recover\Debug\sparc64-softmmu.pdb”中寻找)；正在链接对象，如同没有调试信息一样
unicorn_static.lib(ldst_helper.obj) : warning LNK4099: 未找到 PDB“sparc64-softmmu.pdb”(使用“unicorn_static.lib(ldst_helper.obj)”或在“E:\VisualStudio\Practice\MyProject\VMP-IAT-recover\Debug\sparc64-softmmu.pdb”中寻找)；正在链接对象，如同没有调试信息一样
unicorn_static.lib(int64_helper.obj) : warning LNK4099: 未找到 PDB“sparc64-softmmu.pdb”(使用“unicorn_static.lib(int64_helper.obj)”或在“E:\VisualStudio\Practice\MyProject\VMP-IAT-recover\Debug\sparc64-softmmu.pdb”中寻找)；正在链接对象，如同没有调试信息一样
unicorn_static.lib(helper.obj) : warning LNK4099: 未找到 PDB“sparc64-softmmu.pdb”(使用“unicorn_static.lib(helper.obj)”或在“E:\VisualStudio\Practice\MyProject\VMP-IAT-recover\Debug\sparc64-softmmu.pdb”中寻找)；正在链接对象，如同没有调试信息一样
unicorn_static.lib(fop_helper.obj) : warning LNK4099: 未找到 PDB“”(使用“unicorn_static.lib(fop_helper.obj)”或在“”中寻找)；正在链接对象，如同没有调试信息一样
unicorn_static.lib(cpu.obj) : warning LNK4099: 未找到 PDB“sparc64-softmmu.pdb”(使用“unicorn_static.lib(cpu.obj)”或在“E:\VisualStudio\Practice\MyProject\VMP-IAT-recover\Debug\sparc64-softmmu.pdb”中寻找)；正在链接对象，如同没有调试信息一样
unicorn_static.lib(cc_helper.obj) : warning LNK4099: 未找到 PDB“sparc64-softmmu.pdb”(使用“unicorn_static.lib(cc_helper.obj)”或在“E:\VisualStudio\Practice\MyProject\VMP-IAT-recover\Debug\sparc64-softmmu.pdb”中寻找)；正在链接对象，如同没有调试信息一样
unicorn_static.lib(memory.obj) : warning LNK4099: 未找到 PDB“”(使用“unicorn_static.lib(memory.obj)”或在“”中寻找)；正在链接对象，如同没有调试信息一样
unicorn_static.lib(sun4u.obj) : warning LNK4099: 未找到 PDB“sparc64-softmmu.pdb”(使用“unicorn_static.lib(sun4u.obj)”或在“E:\VisualStudio\Practice\MyProject\VMP-IAT-recover\Debug\sparc64-softmmu.pdb”中寻找)；正在链接对象，如同没有调试信息一样
unicorn_static.lib(softfloat.obj) : warning LNK4099: 未找到 PDB“sparc64-softmmu.pdb”(使用“unicorn_static.lib(softfloat.obj)”或在“E:\VisualStudio\Practice\MyProject\VMP-IAT-recover\Debug\sparc64-softmmu.pdb”中寻找)；正在链接对象，如同没有调试信息一样
unicorn_static.lib(exec.obj) : warning LNK4099: 未找到 PDB“sparc64-softmmu.pdb”(使用“unicorn_static.lib(exec.obj)”或在“E:\VisualStudio\Practice\MyProject\VMP-IAT-recover\Debug\sparc64-softmmu.pdb”中寻找)；正在链接对象，如同没有调试信息一样
unicorn_static.lib(cputlb.obj) : warning LNK4099: 未找到 PDB“sparc64-softmmu.pdb”(使用“unicorn_static.lib(cputlb.obj)”或在“E:\VisualStudio\Practice\MyProject\VMP-IAT-recover\Debug\sparc64-softmmu.pdb”中寻找)；正在链接对象，如同没有调试信息一样
unicorn_static.lib(cpus.obj) : warning LNK4099: 未找到 PDB“”(使用“unicorn_static.lib(cpus.obj)”或在“”中寻找)；正在链接对象，如同没有调试信息一样
unicorn_static.lib(cpu-exec.obj) : warning LNK4099: 未找到 PDB“sparc64-softmmu.pdb”(使用“unicorn_static.lib(cpu-exec.obj)”或在“E:\VisualStudio\Practice\MyProject\VMP-IAT-recover\Debug\sparc64-softmmu.pdb”中寻找)；正在链接对象，如同没有调试信息一样
unicorn_static.lib(translate-all.obj) : warning LNK4099: 未找到 PDB“sparc-softmmu.pdb”(使用“unicorn_static.lib(translate-all.obj)”或在“E:\VisualStudio\Practice\MyProject\VMP-IAT-recover\Debug\sparc-softmmu.pdb”中寻找)；正在链接对象，如同没有调试信息一样
unicorn_static.lib(tcg.obj) : warning LNK4099: 未找到 PDB“sparc-softmmu.pdb”(使用“unicorn_static.lib(tcg.obj)”或在“E:\VisualStudio\Practice\MyProject\VMP-IAT-recover\Debug\sparc-softmmu.pdb”中寻找)；正在链接对象，如同没有调试信息一样
unicorn_static.lib(optimize.obj) : warning LNK4099: 未找到 PDB“sparc-softmmu.pdb”(使用“unicorn_static.lib(optimize.obj)”或在“E:\VisualStudio\Practice\MyProject\VMP-IAT-recover\Debug\sparc-softmmu.pdb”中寻找)；正在链接对象，如同没有调试信息一样
unicorn_static.lib(win_helper.obj) : warning LNK4099: 未找到 PDB“sparc-softmmu.pdb”(使用“unicorn_static.lib(win_helper.obj)”或在“E:\VisualStudio\Practice\MyProject\VMP-IAT-recover\Debug\sparc-softmmu.pdb”中寻找)；正在链接对象，如同没有调试信息一样
unicorn_static.lib(unicorn.obj) : warning LNK4099: 未找到 PDB“sparc-softmmu.pdb”(使用“unicorn_static.lib(unicorn.obj)”或在“E:\VisualStudio\Practice\MyProject\VMP-IAT-recover\Debug\sparc-softmmu.pdb”中寻找)；正在链接对象，如同没有调试信息一样
unicorn_static.lib(translate.obj) : warning LNK4099: 未找到 PDB“sparc-softmmu.pdb”(使用“unicorn_static.lib(translate.obj)”或在“E:\VisualStudio\Practice\MyProject\VMP-IAT-recover\Debug\sparc-softmmu.pdb”中寻找)；正在链接对象，如同没有调试信息一样
unicorn_static.lib(mmu_helper.obj) : warning LNK4099: 未找到 PDB“sparc-softmmu.pdb”(使用“unicorn_static.lib(mmu_helper.obj)”或在“E:\VisualStudio\Practice\MyProject\VMP-IAT-recover\Debug\sparc-softmmu.pdb”中寻找)；正在链接对象，如同没有调试信息一样
unicorn_static.lib(ldst_helper.obj) : warning LNK4099: 未找到 PDB“sparc-softmmu.pdb”(使用“unicorn_static.lib(ldst_helper.obj)”或在“E:\VisualStudio\Practice\MyProject\VMP-IAT-recover\Debug\sparc-softmmu.pdb”中寻找)；正在链接对象，如同没有调试信息一样
unicorn_static.lib(int32_helper.obj) : warning LNK4099: 未找到 PDB“sparc-softmmu.pdb”(使用“unicorn_static.lib(int32_helper.obj)”或在“E:\VisualStudio\Practice\MyProject\VMP-IAT-recover\Debug\sparc-softmmu.pdb”中寻找)；正在链接对象，如同没有调试信息一样
unicorn_static.lib(helper.obj) : warning LNK4099: 未找到 PDB“sparc-softmmu.pdb”(使用“unicorn_static.lib(helper.obj)”或在“E:\VisualStudio\Practice\MyProject\VMP-IAT-recover\Debug\sparc-softmmu.pdb”中寻找)；正在链接对象，如同没有调试信息一样
unicorn_static.lib(fop_helper.obj) : warning LNK4099: 未找到 PDB“sparc-softmmu.pdb”(使用“unicorn_static.lib(fop_helper.obj)”或在“E:\VisualStudio\Practice\MyProject\VMP-IAT-recover\Debug\sparc-softmmu.pdb”中寻找)；正在链接对象，如同没有调试信息一样
unicorn_static.lib(cpu.obj) : warning LNK4099: 未找到 PDB“sparc-softmmu.pdb”(使用“unicorn_static.lib(cpu.obj)”或在“E:\VisualStudio\Practice\MyProject\VMP-IAT-recover\Debug\sparc-softmmu.pdb”中寻找)；正在链接对象，如同没有调试信息一样
unicorn_static.lib(cc_helper.obj) : warning LNK4099: 未找到 PDB“”(使用“unicorn_static.lib(cc_helper.obj)”或在“”中寻找)；正在链接对象，如同没有调试信息一样
unicorn_static.lib(memory.obj) : warning LNK4099: 未找到 PDB“sparc-softmmu.pdb”(使用“unicorn_static.lib(memory.obj)”或在“E:\VisualStudio\Practice\MyProject\VMP-IAT-recover\Debug\sparc-softmmu.pdb”中寻找)；正在链接对象，如同没有调试信息一样
unicorn_static.lib(leon3.obj) : warning LNK4099: 未找到 PDB“sparc-softmmu.pdb”(使用“unicorn_static.lib(leon3.obj)”或在“E:\VisualStudio\Practice\MyProject\VMP-IAT-recover\Debug\sparc-softmmu.pdb”中寻找)；正在链接对象，如同没有调试信息一样
unicorn_static.lib(softfloat.obj) : warning LNK4099: 未找到 PDB“sparc-softmmu.pdb”(使用“unicorn_static.lib(softfloat.obj)”或在“E:\VisualStudio\Practice\MyProject\VMP-IAT-recover\Debug\sparc-softmmu.pdb”中寻找)；正在链接对象，如同没有调试信息一样
unicorn_static.lib(exec.obj) : warning LNK4099: 未找到 PDB“sparc-softmmu.pdb”(使用“unicorn_static.lib(exec.obj)”或在“E:\VisualStudio\Practice\MyProject\VMP-IAT-recover\Debug\sparc-softmmu.pdb”中寻找)；正在链接对象，如同没有调试信息一样
unicorn_static.lib(cputlb.obj) : warning LNK4099: 未找到 PDB“sparc-softmmu.pdb”(使用“unicorn_static.lib(cputlb.obj)”或在“E:\VisualStudio\Practice\MyProject\VMP-IAT-recover\Debug\sparc-softmmu.pdb”中寻找)；正在链接对象，如同没有调试信息一样
unicorn_static.lib(cpus.obj) : warning LNK4099: 未找到 PDB“sparc-softmmu.pdb”(使用“unicorn_static.lib(cpus.obj)”或在“E:\VisualStudio\Practice\MyProject\VMP-IAT-recover\Debug\sparc-softmmu.pdb”中寻找)；正在链接对象，如同没有调试信息一样
unicorn_static.lib(cpu-exec.obj) : warning LNK4099: 未找到 PDB“sparc-softmmu.pdb”(使用“unicorn_static.lib(cpu-exec.obj)”或在“E:\VisualStudio\Practice\MyProject\VMP-IAT-recover\Debug\sparc-softmmu.pdb”中寻找)；正在链接对象，如同没有调试信息一样
unicorn_static.lib(translate-all.obj) : warning LNK4099: 未找到 PDB“mips64el-softmmu.pdb”(使用“unicorn_static.lib(translate-all.obj)”或在“E:\VisualStudio\Practice\MyProject\VMP-IAT-recover\Debug\mips64el-softmmu.pdb”中寻找)；正在链接对象，如同没有调试信息一样
unicorn_static.lib(tcg.obj) : warning LNK4099: 未找到 PDB“mips64el-softmmu.pdb”(使用“unicorn_static.lib(tcg.obj)”或在“E:\VisualStudio\Practice\MyProject\VMP-IAT-recover\Debug\mips64el-softmmu.pdb”中寻找)；正在链接对象，如同没有调试信息一样
unicorn_static.lib(optimize.obj) : warning LNK4099: 未找到 PDB“mips64el-softmmu.pdb”(使用“unicorn_static.lib(optimize.obj)”或在“E:\VisualStudio\Practice\MyProject\VMP-IAT-recover\Debug\mips64el-softmmu.pdb”中寻找)；正在链接对象，如同没有调试信息一样
unicorn_static.lib(unicorn.obj) : warning LNK4099: 未找到 PDB“mips64el-softmmu.pdb”(使用“unicorn_static.lib(unicorn.obj)”或在“E:\VisualStudio\Practice\MyProject\VMP-IAT-recover\Debug\mips64el-softmmu.pdb”中寻找)；正在链接对象，如同没有调试信息一样
unicorn_static.lib(translate.obj) : warning LNK4099: 未找到 PDB“mips64el-softmmu.pdb”(使用“unicorn_static.lib(translate.obj)”或在“E:\VisualStudio\Practice\MyProject\VMP-IAT-recover\Debug\mips64el-softmmu.pdb”中寻找)；正在链接对象，如同没有调试信息一样
unicorn_static.lib(op_helper.obj) : warning LNK4099: 未找到 PDB“mips64el-softmmu.pdb”(使用“unicorn_static.lib(op_helper.obj)”或在“E:\VisualStudio\Practice\MyProject\VMP-IAT-recover\Debug\mips64el-softmmu.pdb”中寻找)；正在链接对象，如同没有调试信息一样
unicorn_static.lib(msa_helper.obj) : warning LNK4099: 未找到 PDB“mips64el-softmmu.pdb”(使用“unicorn_static.lib(msa_helper.obj)”或在“E:\VisualStudio\Practice\MyProject\VMP-IAT-recover\Debug\mips64el-softmmu.pdb”中寻找)；正在链接对象，如同没有调试信息一样
unicorn_static.lib(lmi_helper.obj) : warning LNK4099: 未找到 PDB“mips64el-softmmu.pdb”(使用“unicorn_static.lib(lmi_helper.obj)”或在“E:\VisualStudio\Practice\MyProject\VMP-IAT-recover\Debug\mips64el-softmmu.pdb”中寻找)；正在链接对象，如同没有调试信息一样
unicorn_static.lib(helper.obj) : warning LNK4099: 未找到 PDB“mips64el-softmmu.pdb”(使用“unicorn_static.lib(helper.obj)”或在“E:\VisualStudio\Practice\MyProject\VMP-IAT-recover\Debug\mips64el-softmmu.pdb”中寻找)；正在链接对象，如同没有调试信息一样
unicorn_static.lib(dsp_helper.obj) : warning LNK4099: 未找到 PDB“mips64el-softmmu.pdb”(使用“unicorn_static.lib(dsp_helper.obj)”或在“E:\VisualStudio\Practice\MyProject\VMP-IAT-recover\Debug\mips64el-softmmu.pdb”中寻找)；正在链接对象，如同没有调试信息一样
unicorn_static.lib(cpu.obj) : warning LNK4099: 未找到 PDB“mips64el-softmmu.pdb”(使用“unicorn_static.lib(cpu.obj)”或在“E:\VisualStudio\Practice\MyProject\VMP-IAT-recover\Debug\mips64el-softmmu.pdb”中寻找)；正在链接对象，如同没有调试信息一样
unicorn_static.lib(memory.obj) : warning LNK4099: 未找到 PDB“mips64el-softmmu.pdb”(使用“unicorn_static.lib(memory.obj)”或在“E:\VisualStudio\Practice\MyProject\VMP-IAT-recover\Debug\mips64el-softmmu.pdb”中寻找)；正在链接对象，如同没有调试信息一样
unicorn_static.lib(mips_r4k.obj) : warning LNK4099: 未找到 PDB“mips64el-softmmu.pdb”(使用“unicorn_static.lib(mips_r4k.obj)”或在“E:\VisualStudio\Practice\MyProject\VMP-IAT-recover\Debug\mips64el-softmmu.pdb”中寻找)；正在链接对象，如同没有调试信息一样
unicorn_static.lib(cputimer.obj) : warning LNK4099: 未找到 PDB“mips64el-softmmu.pdb”(使用“unicorn_static.lib(cputimer.obj)”或在“E:\VisualStudio\Practice\MyProject\VMP-IAT-recover\Debug\mips64el-softmmu.pdb”中寻找)；正在链接对象，如同没有调试信息一样
unicorn_static.lib(softfloat.obj) : warning LNK4099: 未找到 PDB“mips64el-softmmu.pdb”(使用“unicorn_static.lib(softfloat.obj)”或在“E:\VisualStudio\Practice\MyProject\VMP-IAT-recover\Debug\mips64el-softmmu.pdb”中寻找)；正在链接对象，如同没有调试信息一样
unicorn_static.lib(exec.obj) : warning LNK4099: 未找到 PDB“mips64el-softmmu.pdb”(使用“unicorn_static.lib(exec.obj)”或在“E:\VisualStudio\Practice\MyProject\VMP-IAT-recover\Debug\mips64el-softmmu.pdb”中寻找)；正在链接对象，如同没有调试信息一样
unicorn_static.lib(cputlb.obj) : warning LNK4099: 未找到 PDB“mips64el-softmmu.pdb”(使用“unicorn_static.lib(cputlb.obj)”或在“E:\VisualStudio\Practice\MyProject\VMP-IAT-recover\Debug\mips64el-softmmu.pdb”中寻找)；正在链接对象，如同没有调试信息一样
unicorn_static.lib(cpus.obj) : warning LNK4099: 未找到 PDB“mips64el-softmmu.pdb”(使用“unicorn_static.lib(cpus.obj)”或在“E:\VisualStudio\Practice\MyProject\VMP-IAT-recover\Debug\mips64el-softmmu.pdb”中寻找)；正在链接对象，如同没有调试信息一样
unicorn_static.lib(cpu-exec.obj) : warning LNK4099: 未找到 PDB“mips64el-softmmu.pdb”(使用“unicorn_static.lib(cpu-exec.obj)”或在“E:\VisualStudio\Practice\MyProject\VMP-IAT-recover\Debug\mips64el-softmmu.pdb”中寻找)；正在链接对象，如同没有调试信息一样
unicorn_static.lib(translate-all.obj) : warning LNK4099: 未找到 PDB“mipsel-softmmu.pdb”(使用“unicorn_static.lib(translate-all.obj)”或在“E:\VisualStudio\Practice\MyProject\VMP-IAT-recover\Debug\mipsel-softmmu.pdb”中寻找)；正在链接对象，如同没有调试信息一样
unicorn_static.lib(tcg.obj) : warning LNK4099: 未找到 PDB“mipsel-softmmu.pdb”(使用“unicorn_static.lib(tcg.obj)”或在“E:\VisualStudio\Practice\MyProject\VMP-IAT-recover\Debug\mipsel-softmmu.pdb”中寻找)；正在链接对象，如同没有调试信息一样
unicorn_static.lib(optimize.obj) : warning LNK4099: 未找到 PDB“mipsel-softmmu.pdb”(使用“unicorn_static.lib(optimize.obj)”或在“E:\VisualStudio\Practice\MyProject\VMP-IAT-recover\Debug\mipsel-softmmu.pdb”中寻找)；正在链接对象，如同没有调试信息一样
unicorn_static.lib(unicorn.obj) : warning LNK4099: 未找到 PDB“mipsel-softmmu.pdb”(使用“unicorn_static.lib(unicorn.obj)”或在“E:\VisualStudio\Practice\MyProject\VMP-IAT-recover\Debug\mipsel-softmmu.pdb”中寻找)；正在链接对象，如同没有调试信息一样
unicorn_static.lib(translate.obj) : warning LNK4099: 未找到 PDB“mipsel-softmmu.pdb”(使用“unicorn_static.lib(translate.obj)”或在“E:\VisualStudio\Practice\MyProject\VMP-IAT-recover\Debug\mipsel-softmmu.pdb”中寻找)；正在链接对象，如同没有调试信息一样
unicorn_static.lib(op_helper.obj) : warning LNK4099: 未找到 PDB“mipsel-softmmu.pdb”(使用“unicorn_static.lib(op_helper.obj)”或在“E:\VisualStudio\Practice\MyProject\VMP-IAT-recover\Debug\mipsel-softmmu.pdb”中寻找)；正在链接对象，如同没有调试信息一样
unicorn_static.lib(msa_helper.obj) : warning LNK4099: 未找到 PDB“mipsel-softmmu.pdb”(使用“unicorn_static.lib(msa_helper.obj)”或在“E:\VisualStudio\Practice\MyProject\VMP-IAT-recover\Debug\mipsel-softmmu.pdb”中寻找)；正在链接对象，如同没有调试信息一样
unicorn_static.lib(lmi_helper.obj) : warning LNK4099: 未找到 PDB“mipsel-softmmu.pdb”(使用“unicorn_static.lib(lmi_helper.obj)”或在“E:\VisualStudio\Practice\MyProject\VMP-IAT-recover\Debug\mipsel-softmmu.pdb”中寻找)；正在链接对象，如同没有调试信息一样
unicorn_static.lib(helper.obj) : warning LNK4099: 未找到 PDB“”(使用“unicorn_static.lib(helper.obj)”或在“”中寻找)；正在链接对象，如同没有调试信息一样
unicorn_static.lib(dsp_helper.obj) : warning LNK4099: 未找到 PDB“mipsel-softmmu.pdb”(使用“unicorn_static.lib(dsp_helper.obj)”或在“E:\VisualStudio\Practice\MyProject\VMP-IAT-recover\Debug\mipsel-softmmu.pdb”中寻找)；正在链接对象，如同没有调试信息一样
unicorn_static.lib(cpu.obj) : warning LNK4099: 未找到 PDB“mipsel-softmmu.pdb”(使用“unicorn_static.lib(cpu.obj)”或在“E:\VisualStudio\Practice\MyProject\VMP-IAT-recover\Debug\mipsel-softmmu.pdb”中寻找)；正在链接对象，如同没有调试信息一样
unicorn_static.lib(memory.obj) : warning LNK4099: 未找到 PDB“mipsel-softmmu.pdb”(使用“unicorn_static.lib(memory.obj)”或在“E:\VisualStudio\Practice\MyProject\VMP-IAT-recover\Debug\mipsel-softmmu.pdb”中寻找)；正在链接对象，如同没有调试信息一样
unicorn_static.lib(mips_r4k.obj) : warning LNK4099: 未找到 PDB“mipsel-softmmu.pdb”(使用“unicorn_static.lib(mips_r4k.obj)”或在“E:\VisualStudio\Practice\MyProject\VMP-IAT-recover\Debug\mipsel-softmmu.pdb”中寻找)；正在链接对象，如同没有调试信息一样
unicorn_static.lib(cputimer.obj) : warning LNK4099: 未找到 PDB“mipsel-softmmu.pdb”(使用“unicorn_static.lib(cputimer.obj)”或在“E:\VisualStudio\Practice\MyProject\VMP-IAT-recover\Debug\mipsel-softmmu.pdb”中寻找)；正在链接对象，如同没有调试信息一样
unicorn_static.lib(softfloat.obj) : warning LNK4099: 未找到 PDB“mipsel-softmmu.pdb”(使用“unicorn_static.lib(softfloat.obj)”或在“E:\VisualStudio\Practice\MyProject\VMP-IAT-recover\Debug\mipsel-softmmu.pdb”中寻找)；正在链接对象，如同没有调试信息一样
unicorn_static.lib(exec.obj) : warning LNK4099: 未找到 PDB“mipsel-softmmu.pdb”(使用“unicorn_static.lib(exec.obj)”或在“E:\VisualStudio\Practice\MyProject\VMP-IAT-recover\Debug\mipsel-softmmu.pdb”中寻找)；正在链接对象，如同没有调试信息一样
unicorn_static.lib(cputlb.obj) : warning LNK4099: 未找到 PDB“”(使用“unicorn_static.lib(cputlb.obj)”或在“”中寻找)；正在链接对象，如同没有调试信息一样
unicorn_static.lib(cpus.obj) : warning LNK4099: 未找到 PDB“mipsel-softmmu.pdb”(使用“unicorn_static.lib(cpus.obj)”或在“E:\VisualStudio\Practice\MyProject\VMP-IAT-recover\Debug\mipsel-softmmu.pdb”中寻找)；正在链接对象，如同没有调试信息一样
unicorn_static.lib(cpu-exec.obj) : warning LNK4099: 未找到 PDB“mipsel-softmmu.pdb”(使用“unicorn_static.lib(cpu-exec.obj)”或在“E:\VisualStudio\Practice\MyProject\VMP-IAT-recover\Debug\mipsel-softmmu.pdb”中寻找)；正在链接对象，如同没有调试信息一样
unicorn_static.lib(translate-all.obj) : warning LNK4099: 未找到 PDB“mips64-softmmu.pdb”(使用“unicorn_static.lib(translate-all.obj)”或在“E:\VisualStudio\Practice\MyProject\VMP-IAT-recover\Debug\mips64-softmmu.pdb”中寻找)；正在链接对象，如同没有调试信息一样
unicorn_static.lib(tcg.obj) : warning LNK4099: 未找到 PDB“mips64-softmmu.pdb”(使用“unicorn_static.lib(tcg.obj)”或在“E:\VisualStudio\Practice\MyProject\VMP-IAT-recover\Debug\mips64-softmmu.pdb”中寻找)；正在链接对象，如同没有调试信息一样
unicorn_static.lib(optimize.obj) : warning LNK4099: 未找到 PDB“mips64-softmmu.pdb”(使用“unicorn_static.lib(optimize.obj)”或在“E:\VisualStudio\Practice\MyProject\VMP-IAT-recover\Debug\mips64-softmmu.pdb”中寻找)；正在链接对象，如同没有调试信息一样
unicorn_static.lib(unicorn.obj) : warning LNK4099: 未找到 PDB“mips64-softmmu.pdb”(使用“unicorn_static.lib(unicorn.obj)”或在“E:\VisualStudio\Practice\MyProject\VMP-IAT-recover\Debug\mips64-softmmu.pdb”中寻找)；正在链接对象，如同没有调试信息一样
unicorn_static.lib(translate.obj) : warning LNK4099: 未找到 PDB“mips64-softmmu.pdb”(使用“unicorn_static.lib(translate.obj)”或在“E:\VisualStudio\Practice\MyProject\VMP-IAT-recover\Debug\mips64-softmmu.pdb”中寻找)；正在链接对象，如同没有调试信息一样
unicorn_static.lib(op_helper.obj) : warning LNK4099: 未找到 PDB“mips64-softmmu.pdb”(使用“unicorn_static.lib(op_helper.obj)”或在“E:\VisualStudio\Practice\MyProject\VMP-IAT-recover\Debug\mips64-softmmu.pdb”中寻找)；正在链接对象，如同没有调试信息一样
unicorn_static.lib(msa_helper.obj) : warning LNK4099: 未找到 PDB“mips64-softmmu.pdb”(使用“unicorn_static.lib(msa_helper.obj)”或在“E:\VisualStudio\Practice\MyProject\VMP-IAT-recover\Debug\mips64-softmmu.pdb”中寻找)；正在链接对象，如同没有调试信息一样
unicorn_static.lib(lmi_helper.obj) : warning LNK4099: 未找到 PDB“mips64-softmmu.pdb”(使用“unicorn_static.lib(lmi_helper.obj)”或在“E:\VisualStudio\Practice\MyProject\VMP-IAT-recover\Debug\mips64-softmmu.pdb”中寻找)；正在链接对象，如同没有调试信息一样
unicorn_static.lib(helper.obj) : warning LNK4099: 未找到 PDB“mips64-softmmu.pdb”(使用“unicorn_static.lib(helper.obj)”或在“E:\VisualStudio\Practice\MyProject\VMP-IAT-recover\Debug\mips64-softmmu.pdb”中寻找)；正在链接对象，如同没有调试信息一样
unicorn_static.lib(dsp_helper.obj) : warning LNK4099: 未找到 PDB“mips64-softmmu.pdb”(使用“unicorn_static.lib(dsp_helper.obj)”或在“E:\VisualStudio\Practice\MyProject\VMP-IAT-recover\Debug\mips64-softmmu.pdb”中寻找)；正在链接对象，如同没有调试信息一样
unicorn_static.lib(cpu.obj) : warning LNK4099: 未找到 PDB“mips64-softmmu.pdb”(使用“unicorn_static.lib(cpu.obj)”或在“E:\VisualStudio\Practice\MyProject\VMP-IAT-recover\Debug\mips64-softmmu.pdb”中寻找)；正在链接对象，如同没有调试信息一样
unicorn_static.lib(memory.obj) : warning LNK4099: 未找到 PDB“mips64-softmmu.pdb”(使用“unicorn_static.lib(memory.obj)”或在“E:\VisualStudio\Practice\MyProject\VMP-IAT-recover\Debug\mips64-softmmu.pdb”中寻找)；正在链接对象，如同没有调试信息一样
unicorn_static.lib(mips_r4k.obj) : warning LNK4099: 未找到 PDB“mips64-softmmu.pdb”(使用“unicorn_static.lib(mips_r4k.obj)”或在“E:\VisualStudio\Practice\MyProject\VMP-IAT-recover\Debug\mips64-softmmu.pdb”中寻找)；正在链接对象，如同没有调试信息一样
unicorn_static.lib(cputimer.obj) : warning LNK4099: 未找到 PDB“mips64-softmmu.pdb”(使用“unicorn_static.lib(cputimer.obj)”或在“E:\VisualStudio\Practice\MyProject\VMP-IAT-recover\Debug\mips64-softmmu.pdb”中寻找)；正在链接对象，如同没有调试信息一样
unicorn_static.lib(softfloat.obj) : warning LNK4099: 未找到 PDB“mips64-softmmu.pdb”(使用“unicorn_static.lib(softfloat.obj)”或在“E:\VisualStudio\Practice\MyProject\VMP-IAT-recover\Debug\mips64-softmmu.pdb”中寻找)；正在链接对象，如同没有调试信息一样
unicorn_static.lib(exec.obj) : warning LNK4099: 未找到 PDB“mips64-softmmu.pdb”(使用“unicorn_static.lib(exec.obj)”或在“E:\VisualStudio\Practice\MyProject\VMP-IAT-recover\Debug\mips64-softmmu.pdb”中寻找)；正在链接对象，如同没有调试信息一样
unicorn_static.lib(cputlb.obj) : warning LNK4099: 未找到 PDB“mips64-softmmu.pdb”(使用“unicorn_static.lib(cputlb.obj)”或在“E:\VisualStudio\Practice\MyProject\VMP-IAT-recover\Debug\mips64-softmmu.pdb”中寻找)；正在链接对象，如同没有调试信息一样
unicorn_static.lib(cpus.obj) : warning LNK4099: 未找到 PDB“mips64-softmmu.pdb”(使用“unicorn_static.lib(cpus.obj)”或在“E:\VisualStudio\Practice\MyProject\VMP-IAT-recover\Debug\mips64-softmmu.pdb”中寻找)；正在链接对象，如同没有调试信息一样
unicorn_static.lib(cpu-exec.obj) : warning LNK4099: 未找到 PDB“mips64-softmmu.pdb”(使用“unicorn_static.lib(cpu-exec.obj)”或在“E:\VisualStudio\Practice\MyProject\VMP-IAT-recover\Debug\mips64-softmmu.pdb”中寻找)；正在链接对象，如同没有调试信息一样
unicorn_static.lib(translate-all.obj) : warning LNK4099: 未找到 PDB“mips-softmmu.pdb”(使用“unicorn_static.lib(translate-all.obj)”或在“E:\VisualStudio\Practice\MyProject\VMP-IAT-recover\Debug\mips-softmmu.pdb”中寻找)；正在链接对象，如同没有调试信息一样
unicorn_static.lib(tcg.obj) : warning LNK4099: 未找到 PDB“mips-softmmu.pdb”(使用“unicorn_static.lib(tcg.obj)”或在“E:\VisualStudio\Practice\MyProject\VMP-IAT-recover\Debug\mips-softmmu.pdb”中寻找)；正在链接对象，如同没有调试信息一样
unicorn_static.lib(optimize.obj) : warning LNK4099: 未找到 PDB“mips-softmmu.pdb”(使用“unicorn_static.lib(optimize.obj)”或在“E:\VisualStudio\Practice\MyProject\VMP-IAT-recover\Debug\mips-softmmu.pdb”中寻找)；正在链接对象，如同没有调试信息一样
unicorn_static.lib(unicorn.obj) : warning LNK4099: 未找到 PDB“mips-softmmu.pdb”(使用“unicorn_static.lib(unicorn.obj)”或在“E:\VisualStudio\Practice\MyProject\VMP-IAT-recover\Debug\mips-softmmu.pdb”中寻找)；正在链接对象，如同没有调试信息一样
unicorn_static.lib(translate.obj) : warning LNK4099: 未找到 PDB“mips-softmmu.pdb”(使用“unicorn_static.lib(translate.obj)”或在“E:\VisualStudio\Practice\MyProject\VMP-IAT-recover\Debug\mips-softmmu.pdb”中寻找)；正在链接对象，如同没有调试信息一样
unicorn_static.lib(op_helper.obj) : warning LNK4099: 未找到 PDB“mips-softmmu.pdb”(使用“unicorn_static.lib(op_helper.obj)”或在“E:\VisualStudio\Practice\MyProject\VMP-IAT-recover\Debug\mips-softmmu.pdb”中寻找)；正在链接对象，如同没有调试信息一样
unicorn_static.lib(msa_helper.obj) : warning LNK4099: 未找到 PDB“mips-softmmu.pdb”(使用“unicorn_static.lib(msa_helper.obj)”或在“E:\VisualStudio\Practice\MyProject\VMP-IAT-recover\Debug\mips-softmmu.pdb”中寻找)；正在链接对象，如同没有调试信息一样
unicorn_static.lib(lmi_helper.obj) : warning LNK4099: 未找到 PDB“mips-softmmu.pdb”(使用“unicorn_static.lib(lmi_helper.obj)”或在“E:\VisualStudio\Practice\MyProject\VMP-IAT-recover\Debug\mips-softmmu.pdb”中寻找)；正在链接对象，如同没有调试信息一样
unicorn_static.lib(helper.obj) : warning LNK4099: 未找到 PDB“mips-softmmu.pdb”(使用“unicorn_static.lib(helper.obj)”或在“E:\VisualStudio\Practice\MyProject\VMP-IAT-recover\Debug\mips-softmmu.pdb”中寻找)；正在链接对象，如同没有调试信息一样
unicorn_static.lib(dsp_helper.obj) : warning LNK4099: 未找到 PDB“mips-softmmu.pdb”(使用“unicorn_static.lib(dsp_helper.obj)”或在“E:\VisualStudio\Practice\MyProject\VMP-IAT-recover\Debug\mips-softmmu.pdb”中寻找)；正在链接对象，如同没有调试信息一样
unicorn_static.lib(cpu.obj) : warning LNK4099: 未找到 PDB“mips-softmmu.pdb”(使用“unicorn_static.lib(cpu.obj)”或在“E:\VisualStudio\Practice\MyProject\VMP-IAT-recover\Debug\mips-softmmu.pdb”中寻找)；正在链接对象，如同没有调试信息一样
unicorn_static.lib(memory.obj) : warning LNK4099: 未找到 PDB“mips-softmmu.pdb”(使用“unicorn_static.lib(memory.obj)”或在“E:\VisualStudio\Practice\MyProject\VMP-IAT-recover\Debug\mips-softmmu.pdb”中寻找)；正在链接对象，如同没有调试信息一样
unicorn_static.lib(mips_r4k.obj) : warning LNK4099: 未找到 PDB“mips-softmmu.pdb”(使用“unicorn_static.lib(mips_r4k.obj)”或在“E:\VisualStudio\Practice\MyProject\VMP-IAT-recover\Debug\mips-softmmu.pdb”中寻找)；正在链接对象，如同没有调试信息一样
unicorn_static.lib(cputimer.obj) : warning LNK4099: 未找到 PDB“mips-softmmu.pdb”(使用“unicorn_static.lib(cputimer.obj)”或在“E:\VisualStudio\Practice\MyProject\VMP-IAT-recover\Debug\mips-softmmu.pdb”中寻找)；正在链接对象，如同没有调试信息一样
unicorn_static.lib(softfloat.obj) : warning LNK4099: 未找到 PDB“mips-softmmu.pdb”(使用“unicorn_static.lib(softfloat.obj)”或在“E:\VisualStudio\Practice\MyProject\VMP-IAT-recover\Debug\mips-softmmu.pdb”中寻找)；正在链接对象，如同没有调试信息一样
unicorn_static.lib(exec.obj) : warning LNK4099: 未找到 PDB“mips-softmmu.pdb”(使用“unicorn_static.lib(exec.obj)”或在“E:\VisualStudio\Practice\MyProject\VMP-IAT-recover\Debug\mips-softmmu.pdb”中寻找)；正在链接对象，如同没有调试信息一样
unicorn_static.lib(cputlb.obj) : warning LNK4099: 未找到 PDB“mips-softmmu.pdb”(使用“unicorn_static.lib(cputlb.obj)”或在“E:\VisualStudio\Practice\MyProject\VMP-IAT-recover\Debug\mips-softmmu.pdb”中寻找)；正在链接对象，如同没有调试信息一样
unicorn_static.lib(cpus.obj) : warning LNK4099: 未找到 PDB“mips-softmmu.pdb”(使用“unicorn_static.lib(cpus.obj)”或在“E:\VisualStudio\Practice\MyProject\VMP-IAT-recover\Debug\mips-softmmu.pdb”中寻找)；正在链接对象，如同没有调试信息一样
unicorn_static.lib(cpu-exec.obj) : warning LNK4099: 未找到 PDB“mips-softmmu.pdb”(使用“unicorn_static.lib(cpu-exec.obj)”或在“E:\VisualStudio\Practice\MyProject\VMP-IAT-recover\Debug\mips-softmmu.pdb”中寻找)；正在链接对象，如同没有调试信息一样
unicorn_static.lib(unicorn.obj) : warning LNK4099: 未找到 PDB“m68k-softmmu.pdb”(使用“unicorn_static.lib(unicorn.obj)”或在“E:\VisualStudio\Practice\MyProject\VMP-IAT-recover\Debug\m68k-softmmu.pdb”中寻找)；正在链接对象，如同没有调试信息一样
unicorn_static.lib(translate.obj) : warning LNK4099: 未找到 PDB“m68k-softmmu.pdb”(使用“unicorn_static.lib(translate.obj)”或在“E:\VisualStudio\Practice\MyProject\VMP-IAT-recover\Debug\m68k-softmmu.pdb”中寻找)；正在链接对象，如同没有调试信息一样
unicorn_static.lib(op_helper.obj) : warning LNK4099: 未找到 PDB“m68k-softmmu.pdb”(使用“unicorn_static.lib(op_helper.obj)”或在“E:\VisualStudio\Practice\MyProject\VMP-IAT-recover\Debug\m68k-softmmu.pdb”中寻找)；正在链接对象，如同没有调试信息一样
unicorn_static.lib(helper.obj) : warning LNK4099: 未找到 PDB“m68k-softmmu.pdb”(使用“unicorn_static.lib(helper.obj)”或在“E:\VisualStudio\Practice\MyProject\VMP-IAT-recover\Debug\m68k-softmmu.pdb”中寻找)；正在链接对象，如同没有调试信息一样
unicorn_static.lib(cpu.obj) : warning LNK4099: 未找到 PDB“m68k-softmmu.pdb”(使用“unicorn_static.lib(cpu.obj)”或在“E:\VisualStudio\Practice\MyProject\VMP-IAT-recover\Debug\m68k-softmmu.pdb”中寻找)；正在链接对象，如同没有调试信息一样
unicorn_static.lib(dummy_m68k.obj) : warning LNK4099: 未找到 PDB“m68k-softmmu.pdb”(使用“unicorn_static.lib(dummy_m68k.obj)”或在“E:\VisualStudio\Practice\MyProject\VMP-IAT-recover\Debug\m68k-softmmu.pdb”中寻找)；正在链接对象，如同没有调试信息一样
unicorn_static.lib(translate-all.obj) : warning LNK4099: 未找到 PDB“m68k-softmmu.pdb”(使用“unicorn_static.lib(translate-all.obj)”或在“E:\VisualStudio\Practice\MyProject\VMP-IAT-recover\Debug\m68k-softmmu.pdb”中寻找)；正在链接对象，如同没有调试信息一样
unicorn_static.lib(tcg.obj) : warning LNK4099: 未找到 PDB“m68k-softmmu.pdb”(使用“unicorn_static.lib(tcg.obj)”或在“E:\VisualStudio\Practice\MyProject\VMP-IAT-recover\Debug\m68k-softmmu.pdb”中寻找)；正在链接对象，如同没有调试信息一样
unicorn_static.lib(optimize.obj) : warning LNK4099: 未找到 PDB“m68k-softmmu.pdb”(使用“unicorn_static.lib(optimize.obj)”或在“E:\VisualStudio\Practice\MyProject\VMP-IAT-recover\Debug\m68k-softmmu.pdb”中寻找)；正在链接对象，如同没有调试信息一样
unicorn_static.lib(memory.obj) : warning LNK4099: 未找到 PDB“m68k-softmmu.pdb”(使用“unicorn_static.lib(memory.obj)”或在“E:\VisualStudio\Practice\MyProject\VMP-IAT-recover\Debug\m68k-softmmu.pdb”中寻找)；正在链接对象，如同没有调试信息一样
unicorn_static.lib(softfloat.obj) : warning LNK4099: 未找到 PDB“m68k-softmmu.pdb”(使用“unicorn_static.lib(softfloat.obj)”或在“E:\VisualStudio\Practice\MyProject\VMP-IAT-recover\Debug\m68k-softmmu.pdb”中寻找)；正在链接对象，如同没有调试信息一样
unicorn_static.lib(exec.obj) : warning LNK4099: 未找到 PDB“m68k-softmmu.pdb”(使用“unicorn_static.lib(exec.obj)”或在“E:\VisualStudio\Practice\MyProject\VMP-IAT-recover\Debug\m68k-softmmu.pdb”中寻找)；正在链接对象，如同没有调试信息一样
unicorn_static.lib(cputlb.obj) : warning LNK4099: 未找到 PDB“m68k-softmmu.pdb”(使用“unicorn_static.lib(cputlb.obj)”或在“E:\VisualStudio\Practice\MyProject\VMP-IAT-recover\Debug\m68k-softmmu.pdb”中寻找)；正在链接对象，如同没有调试信息一样
unicorn_static.lib(cpus.obj) : warning LNK4099: 未找到 PDB“m68k-softmmu.pdb”(使用“unicorn_static.lib(cpus.obj)”或在“E:\VisualStudio\Practice\MyProject\VMP-IAT-recover\Debug\m68k-softmmu.pdb”中寻找)；正在链接对象，如同没有调试信息一样
unicorn_static.lib(cpu-exec.obj) : warning LNK4099: 未找到 PDB“m68k-softmmu.pdb”(使用“unicorn_static.lib(cpu-exec.obj)”或在“E:\VisualStudio\Practice\MyProject\VMP-IAT-recover\Debug\m68k-softmmu.pdb”中寻找)；正在链接对象，如同没有调试信息一样
unicorn_static.lib(translate-all.obj) : warning LNK4099: 未找到 PDB“arm-softmmu.pdb”(使用“unicorn_static.lib(translate-all.obj)”或在“E:\VisualStudio\Practice\MyProject\VMP-IAT-recover\Debug\arm-softmmu.pdb”中寻找)；正在链接对象，如同没有调试信息一样
unicorn_static.lib(tcg.obj) : warning LNK4099: 未找到 PDB“arm-softmmu.pdb”(使用“unicorn_static.lib(tcg.obj)”或在“E:\VisualStudio\Practice\MyProject\VMP-IAT-recover\Debug\arm-softmmu.pdb”中寻找)；正在链接对象，如同没有调试信息一样
unicorn_static.lib(optimize.obj) : warning LNK4099: 未找到 PDB“arm-softmmu.pdb”(使用“unicorn_static.lib(optimize.obj)”或在“E:\VisualStudio\Practice\MyProject\VMP-IAT-recover\Debug\arm-softmmu.pdb”中寻找)；正在链接对象，如同没有调试信息一样
unicorn_static.lib(unicorn_arm.obj) : warning LNK4099: 未找到 PDB“arm-softmmu.pdb”(使用“unicorn_static.lib(unicorn_arm.obj)”或在“E:\VisualStudio\Practice\MyProject\VMP-IAT-recover\Debug\arm-softmmu.pdb”中寻找)；正在链接对象，如同没有调试信息一样
unicorn_static.lib(translate.obj) : warning LNK4099: 未找到 PDB“arm-softmmu.pdb”(使用“unicorn_static.lib(translate.obj)”或在“E:\VisualStudio\Practice\MyProject\VMP-IAT-recover\Debug\arm-softmmu.pdb”中寻找)；正在链接对象，如同没有调试信息一样
unicorn_static.lib(psci.obj) : warning LNK4099: 未找到 PDB“arm-softmmu.pdb”(使用“unicorn_static.lib(psci.obj)”或在“E:\VisualStudio\Practice\MyProject\VMP-IAT-recover\Debug\arm-softmmu.pdb”中寻找)；正在链接对象，如同没有调试信息一样
unicorn_static.lib(op_helper.obj) : warning LNK4099: 未找到 PDB“arm-softmmu.pdb”(使用“unicorn_static.lib(op_helper.obj)”或在“E:\VisualStudio\Practice\MyProject\VMP-IAT-recover\Debug\arm-softmmu.pdb”中寻找)；正在链接对象，如同没有调试信息一样
unicorn_static.lib(neon_helper.obj) : warning LNK4099: 未找到 PDB“arm-softmmu.pdb”(使用“unicorn_static.lib(neon_helper.obj)”或在“E:\VisualStudio\Practice\MyProject\VMP-IAT-recover\Debug\arm-softmmu.pdb”中寻找)；正在链接对象，如同没有调试信息一样
unicorn_static.lib(iwmmxt_helper.obj) : warning LNK4099: 未找到 PDB“arm-softmmu.pdb”(使用“unicorn_static.lib(iwmmxt_helper.obj)”或在“E:\VisualStudio\Practice\MyProject\VMP-IAT-recover\Debug\arm-softmmu.pdb”中寻找)；正在链接对象，如同没有调试信息一样
unicorn_static.lib(helper.obj) : warning LNK4099: 未找到 PDB“arm-softmmu.pdb”(使用“unicorn_static.lib(helper.obj)”或在“E:\VisualStudio\Practice\MyProject\VMP-IAT-recover\Debug\arm-softmmu.pdb”中寻找)；正在链接对象，如同没有调试信息一样
unicorn_static.lib(crypto_helper.obj) : warning LNK4099: 未找到 PDB“arm-softmmu.pdb”(使用“unicorn_static.lib(crypto_helper.obj)”或在“E:\VisualStudio\Practice\MyProject\VMP-IAT-recover\Debug\arm-softmmu.pdb”中寻找)；正在链接对象，如同没有调试信息一样
unicorn_static.lib(cpu.obj) : warning LNK4099: 未找到 PDB“arm-softmmu.pdb”(使用“unicorn_static.lib(cpu.obj)”或在“E:\VisualStudio\Practice\MyProject\VMP-IAT-recover\Debug\arm-softmmu.pdb”中寻找)；正在链接对象，如同没有调试信息一样
unicorn_static.lib(memory.obj) : warning LNK4099: 未找到 PDB“arm-softmmu.pdb”(使用“unicorn_static.lib(memory.obj)”或在“E:\VisualStudio\Practice\MyProject\VMP-IAT-recover\Debug\arm-softmmu.pdb”中寻找)；正在链接对象，如同没有调试信息一样
unicorn_static.lib(tosa.obj) : warning LNK4099: 未找到 PDB“arm-softmmu.pdb”(使用“unicorn_static.lib(tosa.obj)”或在“E:\VisualStudio\Practice\MyProject\VMP-IAT-recover\Debug\arm-softmmu.pdb”中寻找)；正在链接对象，如同没有调试信息一样
unicorn_static.lib(softfloat.obj) : warning LNK4099: 未找到 PDB“arm-softmmu.pdb”(使用“unicorn_static.lib(softfloat.obj)”或在“E:\VisualStudio\Practice\MyProject\VMP-IAT-recover\Debug\arm-softmmu.pdb”中寻找)；正在链接对象，如同没有调试信息一样
unicorn_static.lib(exec.obj) : warning LNK4099: 未找到 PDB“arm-softmmu.pdb”(使用“unicorn_static.lib(exec.obj)”或在“E:\VisualStudio\Practice\MyProject\VMP-IAT-recover\Debug\arm-softmmu.pdb”中寻找)；正在链接对象，如同没有调试信息一样
unicorn_static.lib(cputlb.obj) : warning LNK4099: 未找到 PDB“arm-softmmu.pdb”(使用“unicorn_static.lib(cputlb.obj)”或在“E:\VisualStudio\Practice\MyProject\VMP-IAT-recover\Debug\arm-softmmu.pdb”中寻找)；正在链接对象，如同没有调试信息一样
unicorn_static.lib(cpus.obj) : warning LNK4099: 未找到 PDB“arm-softmmu.pdb”(使用“unicorn_static.lib(cpus.obj)”或在“E:\VisualStudio\Practice\MyProject\VMP-IAT-recover\Debug\arm-softmmu.pdb”中寻找)；正在链接对象，如同没有调试信息一样
unicorn_static.lib(cpu-exec.obj) : warning LNK4099: 未找到 PDB“arm-softmmu.pdb”(使用“unicorn_static.lib(cpu-exec.obj)”或在“E:\VisualStudio\Practice\MyProject\VMP-IAT-recover\Debug\arm-softmmu.pdb”中寻找)；正在链接对象，如同没有调试信息一样
unicorn_static.lib(translate-all.obj) : warning LNK4099: 未找到 PDB“aarch64eb-softmmu.pdb”(使用“unicorn_static.lib(translate-all.obj)”或在“E:\VisualStudio\Practice\MyProject\VMP-IAT-recover\Debug\aarch64eb-softmmu.pdb”中寻找)；正在链接对象，如同没有调试信息一样
unicorn_static.lib(tcg.obj) : warning LNK4099: 未找到 PDB“aarch64eb-softmmu.pdb”(使用“unicorn_static.lib(tcg.obj)”或在“E:\VisualStudio\Practice\MyProject\VMP-IAT-recover\Debug\aarch64eb-softmmu.pdb”中寻找)；正在链接对象，如同没有调试信息一样
unicorn_static.lib(optimize.obj) : warning LNK4099: 未找到 PDB“aarch64eb-softmmu.pdb”(使用“unicorn_static.lib(optimize.obj)”或在“E:\VisualStudio\Practice\MyProject\VMP-IAT-recover\Debug\aarch64eb-softmmu.pdb”中寻找)；正在链接对象，如同没有调试信息一样
unicorn_static.lib(unicorn_aarch64.obj) : warning LNK4099: 未找到 PDB“aarch64eb-softmmu.pdb”(使用“unicorn_static.lib(unicorn_aarch64.obj)”或在“E:\VisualStudio\Practice\MyProject\VMP-IAT-recover\Debug\aarch64eb-softmmu.pdb”中寻找)；正在链接对象，如同没有调试信息一样
unicorn_static.lib(translate.obj) : warning LNK4099: 未找到 PDB“aarch64eb-softmmu.pdb”(使用“unicorn_static.lib(translate.obj)”或在“E:\VisualStudio\Practice\MyProject\VMP-IAT-recover\Debug\aarch64eb-softmmu.pdb”中寻找)；正在链接对象，如同没有调试信息一样
unicorn_static.lib(translate-a64.obj) : warning LNK4099: 未找到 PDB“aarch64eb-softmmu.pdb”(使用“unicorn_static.lib(translate-a64.obj)”或在“E:\VisualStudio\Practice\MyProject\VMP-IAT-recover\Debug\aarch64eb-softmmu.pdb”中寻找)；正在链接对象，如同没有调试信息一样
unicorn_static.lib(psci.obj) : warning LNK4099: 未找到 PDB“aarch64eb-softmmu.pdb”(使用“unicorn_static.lib(psci.obj)”或在“E:\VisualStudio\Practice\MyProject\VMP-IAT-recover\Debug\aarch64eb-softmmu.pdb”中寻找)；正在链接对象，如同没有调试信息一样
unicorn_static.lib(op_helper.obj) : warning LNK4099: 未找到 PDB“aarch64eb-softmmu.pdb”(使用“unicorn_static.lib(op_helper.obj)”或在“E:\VisualStudio\Practice\MyProject\VMP-IAT-recover\Debug\aarch64eb-softmmu.pdb”中寻找)；正在链接对象，如同没有调试信息一样
unicorn_static.lib(neon_helper.obj) : warning LNK4099: 未找到 PDB“aarch64eb-softmmu.pdb”(使用“unicorn_static.lib(neon_helper.obj)”或在“E:\VisualStudio\Practice\MyProject\VMP-IAT-recover\Debug\aarch64eb-softmmu.pdb”中寻找)；正在链接对象，如同没有调试信息一样
unicorn_static.lib(iwmmxt_helper.obj) : warning LNK4099: 未找到 PDB“aarch64eb-softmmu.pdb”(使用“unicorn_static.lib(iwmmxt_helper.obj)”或在“E:\VisualStudio\Practice\MyProject\VMP-IAT-recover\Debug\aarch64eb-softmmu.pdb”中寻找)；正在链接对象，如同没有调试信息一样
unicorn_static.lib(helper.obj) : warning LNK4099: 未找到 PDB“aarch64eb-softmmu.pdb”(使用“unicorn_static.lib(helper.obj)”或在“E:\VisualStudio\Practice\MyProject\VMP-IAT-recover\Debug\aarch64eb-softmmu.pdb”中寻找)；正在链接对象，如同没有调试信息一样
unicorn_static.lib(helper-a64.obj) : warning LNK4099: 未找到 PDB“aarch64eb-softmmu.pdb”(使用“unicorn_static.lib(helper-a64.obj)”或在“E:\VisualStudio\Practice\MyProject\VMP-IAT-recover\Debug\aarch64eb-softmmu.pdb”中寻找)；正在链接对象，如同没有调试信息一样
unicorn_static.lib(crypto_helper.obj) : warning LNK4099: 未找到 PDB“aarch64eb-softmmu.pdb”(使用“unicorn_static.lib(crypto_helper.obj)”或在“E:\VisualStudio\Practice\MyProject\VMP-IAT-recover\Debug\aarch64eb-softmmu.pdb”中寻找)；正在链接对象，如同没有调试信息一样
unicorn_static.lib(cpu64.obj) : warning LNK4099: 未找到 PDB“aarch64eb-softmmu.pdb”(使用“unicorn_static.lib(cpu64.obj)”或在“E:\VisualStudio\Practice\MyProject\VMP-IAT-recover\Debug\aarch64eb-softmmu.pdb”中寻找)；正在链接对象，如同没有调试信息一样
unicorn_static.lib(cpu.obj) : warning LNK4099: 未找到 PDB“aarch64eb-softmmu.pdb”(使用“unicorn_static.lib(cpu.obj)”或在“E:\VisualStudio\Practice\MyProject\VMP-IAT-recover\Debug\aarch64eb-softmmu.pdb”中寻找)；正在链接对象，如同没有调试信息一样
unicorn_static.lib(memory.obj) : warning LNK4099: 未找到 PDB“aarch64eb-softmmu.pdb”(使用“unicorn_static.lib(memory.obj)”或在“E:\VisualStudio\Practice\MyProject\VMP-IAT-recover\Debug\aarch64eb-softmmu.pdb”中寻找)；正在链接对象，如同没有调试信息一样
unicorn_static.lib(virt.obj) : warning LNK4099: 未找到 PDB“aarch64eb-softmmu.pdb”(使用“unicorn_static.lib(virt.obj)”或在“E:\VisualStudio\Practice\MyProject\VMP-IAT-recover\Debug\aarch64eb-softmmu.pdb”中寻找)；正在链接对象，如同没有调试信息一样
unicorn_static.lib(softfloat.obj) : warning LNK4099: 未找到 PDB“aarch64eb-softmmu.pdb”(使用“unicorn_static.lib(softfloat.obj)”或在“E:\VisualStudio\Practice\MyProject\VMP-IAT-recover\Debug\aarch64eb-softmmu.pdb”中寻找)；正在链接对象，如同没有调试信息一样
unicorn_static.lib(exec.obj) : warning LNK4099: 未找到 PDB“aarch64eb-softmmu.pdb”(使用“unicorn_static.lib(exec.obj)”或在“E:\VisualStudio\Practice\MyProject\VMP-IAT-recover\Debug\aarch64eb-softmmu.pdb”中寻找)；正在链接对象，如同没有调试信息一样
unicorn_static.lib(cputlb.obj) : warning LNK4099: 未找到 PDB“aarch64eb-softmmu.pdb”(使用“unicorn_static.lib(cputlb.obj)”或在“E:\VisualStudio\Practice\MyProject\VMP-IAT-recover\Debug\aarch64eb-softmmu.pdb”中寻找)；正在链接对象，如同没有调试信息一样
unicorn_static.lib(cpus.obj) : warning LNK4099: 未找到 PDB“aarch64eb-softmmu.pdb”(使用“unicorn_static.lib(cpus.obj)”或在“E:\VisualStudio\Practice\MyProject\VMP-IAT-recover\Debug\aarch64eb-softmmu.pdb”中寻找)；正在链接对象，如同没有调试信息一样
unicorn_static.lib(cpu-exec.obj) : warning LNK4099: 未找到 PDB“aarch64eb-softmmu.pdb”(使用“unicorn_static.lib(cpu-exec.obj)”或在“E:\VisualStudio\Practice\MyProject\VMP-IAT-recover\Debug\aarch64eb-softmmu.pdb”中寻找)；正在链接对象，如同没有调试信息一样
unicorn_static.lib(translate-all.obj) : warning LNK4099: 未找到 PDB“aarch64-softmmu.pdb”(使用“unicorn_static.lib(translate-all.obj)”或在“E:\VisualStudio\Practice\MyProject\VMP-IAT-recover\Debug\aarch64-softmmu.pdb”中寻找)；正在链接对象，如同没有调试信息一样
unicorn_static.lib(tcg.obj) : warning LNK4099: 未找到 PDB“aarch64-softmmu.pdb”(使用“unicorn_static.lib(tcg.obj)”或在“E:\VisualStudio\Practice\MyProject\VMP-IAT-recover\Debug\aarch64-softmmu.pdb”中寻找)；正在链接对象，如同没有调试信息一样
unicorn_static.lib(optimize.obj) : warning LNK4099: 未找到 PDB“aarch64-softmmu.pdb”(使用“unicorn_static.lib(optimize.obj)”或在“E:\VisualStudio\Practice\MyProject\VMP-IAT-recover\Debug\aarch64-softmmu.pdb”中寻找)；正在链接对象，如同没有调试信息一样
unicorn_static.lib(unicorn_aarch64.obj) : warning LNK4099: 未找到 PDB“aarch64-softmmu.pdb”(使用“unicorn_static.lib(unicorn_aarch64.obj)”或在“E:\VisualStudio\Practice\MyProject\VMP-IAT-recover\Debug\aarch64-softmmu.pdb”中寻找)；正在链接对象，如同没有调试信息一样
unicorn_static.lib(translate.obj) : warning LNK4099: 未找到 PDB“aarch64-softmmu.pdb”(使用“unicorn_static.lib(translate.obj)”或在“E:\VisualStudio\Practice\MyProject\VMP-IAT-recover\Debug\aarch64-softmmu.pdb”中寻找)；正在链接对象，如同没有调试信息一样
unicorn_static.lib(translate-a64.obj) : warning LNK4099: 未找到 PDB“aarch64-softmmu.pdb”(使用“unicorn_static.lib(translate-a64.obj)”或在“E:\VisualStudio\Practice\MyProject\VMP-IAT-recover\Debug\aarch64-softmmu.pdb”中寻找)；正在链接对象，如同没有调试信息一样
unicorn_static.lib(psci.obj) : warning LNK4099: 未找到 PDB“aarch64-softmmu.pdb”(使用“unicorn_static.lib(psci.obj)”或在“E:\VisualStudio\Practice\MyProject\VMP-IAT-recover\Debug\aarch64-softmmu.pdb”中寻找)；正在链接对象，如同没有调试信息一样
unicorn_static.lib(op_helper.obj) : warning LNK4099: 未找到 PDB“aarch64-softmmu.pdb”(使用“unicorn_static.lib(op_helper.obj)”或在“E:\VisualStudio\Practice\MyProject\VMP-IAT-recover\Debug\aarch64-softmmu.pdb”中寻找)；正在链接对象，如同没有调试信息一样
unicorn_static.lib(neon_helper.obj) : warning LNK4099: 未找到 PDB“aarch64-softmmu.pdb”(使用“unicorn_static.lib(neon_helper.obj)”或在“E:\VisualStudio\Practice\MyProject\VMP-IAT-recover\Debug\aarch64-softmmu.pdb”中寻找)；正在链接对象，如同没有调试信息一样
unicorn_static.lib(iwmmxt_helper.obj) : warning LNK4099: 未找到 PDB“aarch64-softmmu.pdb”(使用“unicorn_static.lib(iwmmxt_helper.obj)”或在“E:\VisualStudio\Practice\MyProject\VMP-IAT-recover\Debug\aarch64-softmmu.pdb”中寻找)；正在链接对象，如同没有调试信息一样
unicorn_static.lib(helper.obj) : warning LNK4099: 未找到 PDB“aarch64-softmmu.pdb”(使用“unicorn_static.lib(helper.obj)”或在“E:\VisualStudio\Practice\MyProject\VMP-IAT-recover\Debug\aarch64-softmmu.pdb”中寻找)；正在链接对象，如同没有调试信息一样
unicorn_static.lib(helper-a64.obj) : warning LNK4099: 未找到 PDB“aarch64-softmmu.pdb”(使用“unicorn_static.lib(helper-a64.obj)”或在“E:\VisualStudio\Practice\MyProject\VMP-IAT-recover\Debug\aarch64-softmmu.pdb”中寻找)；正在链接对象，如同没有调试信息一样
unicorn_static.lib(crypto_helper.obj) : warning LNK4099: 未找到 PDB“aarch64-softmmu.pdb”(使用“unicorn_static.lib(crypto_helper.obj)”或在“E:\VisualStudio\Practice\MyProject\VMP-IAT-recover\Debug\aarch64-softmmu.pdb”中寻找)；正在链接对象，如同没有调试信息一样
unicorn_static.lib(cpu64.obj) : warning LNK4099: 未找到 PDB“aarch64-softmmu.pdb”(使用“unicorn_static.lib(cpu64.obj)”或在“E:\VisualStudio\Practice\MyProject\VMP-IAT-recover\Debug\aarch64-softmmu.pdb”中寻找)；正在链接对象，如同没有调试信息一样
unicorn_static.lib(cpu.obj) : warning LNK4099: 未找到 PDB“aarch64-softmmu.pdb”(使用“unicorn_static.lib(cpu.obj)”或在“E:\VisualStudio\Practice\MyProject\VMP-IAT-recover\Debug\aarch64-softmmu.pdb”中寻找)；正在链接对象，如同没有调试信息一样
unicorn_static.lib(memory.obj) : warning LNK4099: 未找到 PDB“aarch64-softmmu.pdb”(使用“unicorn_static.lib(memory.obj)”或在“E:\VisualStudio\Practice\MyProject\VMP-IAT-recover\Debug\aarch64-softmmu.pdb”中寻找)；正在链接对象，如同没有调试信息一样
unicorn_static.lib(virt.obj) : warning LNK4099: 未找到 PDB“”(使用“unicorn_static.lib(virt.obj)”或在“”中寻找)；正在链接对象，如同没有调试信息一样
unicorn_static.lib(softfloat.obj) : warning LNK4099: 未找到 PDB“aarch64-softmmu.pdb”(使用“unicorn_static.lib(softfloat.obj)”或在“E:\VisualStudio\Practice\MyProject\VMP-IAT-recover\Debug\aarch64-softmmu.pdb”中寻找)；正在链接对象，如同没有调试信息一样
unicorn_static.lib(exec.obj) : warning LNK4099: 未找到 PDB“aarch64-softmmu.pdb”(使用“unicorn_static.lib(exec.obj)”或在“E:\VisualStudio\Practice\MyProject\VMP-IAT-recover\Debug\aarch64-softmmu.pdb”中寻找)；正在链接对象，如同没有调试信息一样
unicorn_static.lib(cputlb.obj) : warning LNK4099: 未找到 PDB“aarch64-softmmu.pdb”(使用“unicorn_static.lib(cputlb.obj)”或在“E:\VisualStudio\Practice\MyProject\VMP-IAT-recover\Debug\aarch64-softmmu.pdb”中寻找)；正在链接对象，如同没有调试信息一样
unicorn_static.lib(cpus.obj) : warning LNK4099: 未找到 PDB“aarch64-softmmu.pdb”(使用“unicorn_static.lib(cpus.obj)”或在“E:\VisualStudio\Practice\MyProject\VMP-IAT-recover\Debug\aarch64-softmmu.pdb”中寻找)；正在链接对象，如同没有调试信息一样
unicorn_static.lib(cpu-exec.obj) : warning LNK4099: 未找到 PDB“aarch64-softmmu.pdb”(使用“unicorn_static.lib(cpu-exec.obj)”或在“E:\VisualStudio\Practice\MyProject\VMP-IAT-recover\Debug\aarch64-softmmu.pdb”中寻找)；正在链接对象，如同没有调试信息一样
  VMP-Imports-Deobfuscator.vcxproj -> E:\VisualStudio\Practice\MyProject\VMP-IAT-recover\Debug\VMP-Imports-Deobfuscator.exe
