e:\visualstudio\practice\myproject\vmp-iat-recover\vmp-imports-deobfuscator\x64\debug\vc142.pdb
e:\visualstudio\practice\myproject\vmp-iat-recover\vmp-imports-deobfuscator\x64\debug\vc142.idb
e:\visualstudio\practice\myproject\vmp-iat-recover\vmp-imports-deobfuscator\x64\debug\wrapper.obj
e:\visualstudio\practice\myproject\vmp-iat-recover\vmp-imports-deobfuscator\x64\debug\vmpcore.obj
e:\visualstudio\practice\myproject\vmp-iat-recover\vmp-imports-deobfuscator\x64\debug\emulator.obj
e:\visualstudio\practice\myproject\vmp-iat-recover\vmp-imports-deobfuscator\x64\debug\stringconversion.obj
e:\visualstudio\practice\myproject\vmp-iat-recover\vmp-imports-deobfuscator\x64\debug\processaccesshelp.obj
e:\visualstudio\practice\myproject\vmp-iat-recover\vmp-imports-deobfuscator\x64\debug\peparser.obj
e:\visualstudio\practice\myproject\vmp-iat-recover\vmp-imports-deobfuscator\x64\debug\pefile.obj
e:\visualstudio\practice\myproject\vmp-iat-recover\vmp-imports-deobfuscator\x64\debug\nativewinapi.obj
e:\visualstudio\practice\myproject\vmp-iat-recover\vmp-imports-deobfuscator\x64\debug\devicenameresolver.obj
e:\visualstudio\practice\myproject\vmp-iat-recover\vmp-imports-deobfuscator\x64\debug\apireader.obj
e:\visualstudio\practice\myproject\vmp-iat-recover\vmp-imports-deobfuscator\x64\debug\vmp-imports-deobfuscator.ilk
e:\visualstudio\practice\myproject\vmp-iat-recover\x64\debug\vmp-imports-deobfuscator.exe
e:\visualstudio\practice\myproject\vmp-iat-recover\x64\debug\vmp-imports-deobfuscator.pdb
e:\visualstudio\practice\myproject\vmp-iat-recover\x64\debug\vmp-imports-deobfuscator.lib
e:\visualstudio\practice\myproject\vmp-iat-recover\x64\debug\vmp-imports-deobfuscator.exp
e:\visualstudio\practice\myproject\vmp-iat-recover\vmp-imports-deobfuscator\x64\debug\vmp-impo.f203f02f.tlog\cl.command.1.tlog
e:\visualstudio\practice\myproject\vmp-iat-recover\vmp-imports-deobfuscator\x64\debug\vmp-impo.f203f02f.tlog\cl.read.1.tlog
e:\visualstudio\practice\myproject\vmp-iat-recover\vmp-imports-deobfuscator\x64\debug\vmp-impo.f203f02f.tlog\cl.write.1.tlog
e:\visualstudio\practice\myproject\vmp-iat-recover\vmp-imports-deobfuscator\x64\debug\vmp-impo.f203f02f.tlog\link.command.1.tlog
e:\visualstudio\practice\myproject\vmp-iat-recover\vmp-imports-deobfuscator\x64\debug\vmp-impo.f203f02f.tlog\link.read.1.tlog
e:\visualstudio\practice\myproject\vmp-iat-recover\vmp-imports-deobfuscator\x64\debug\vmp-impo.f203f02f.tlog\link.write.1.tlog
e:\visualstudio\practice\myproject\vmp-iat-recover\vmp-imports-deobfuscator\x64\debug\vmp-impo.f203f02f.tlog\vmp-imports-deobfuscator.write.1u.tlog
